info : Token is valid
::1 - - [26/Jul/2018:13:55:38 +0000] "GET /apis/devices HTTP/1.1" 304 - "http://localhost:4200/fetchdata" "Mozilla/5.0 (X11; Linux x86_64) AppleWebKit/537.36 (KHTML, like Gecko) Chrome/64.0.3282.186 Safari/537.36"
info : Token is valid
::1 - - [26/Jul/2018:13:56:02 +0000] "GET /admin-apis/connections HTTP/1.1" 304 - "http://localhost:4200/admin-connections" "Mozilla/5.0 (X11; Linux x86_64) AppleWebKit/537.36 (KHTML, like Gecko) Chrome/64.0.3282.186 Safari/537.36"
info : Token is valid
::1 - - [27/Jul/2018:05:18:55 +0000] "GET /admin-apis/connections HTTP/1.1" 304 - "http://localhost:4200/admin-connections" "Mozilla/5.0 (X11; Linux x86_64) AppleWebKit/537.36 (KHTML, like Gecko) Chrome/64.0.3282.186 Safari/537.36"
info : Token is valid
::1 - - [27/Jul/2018:05:22:12 +0000] "GET /admin-apis/connections HTTP/1.1" 304 - "http://localhost:4200/admin-connections" "Mozilla/5.0 (X11; Linux x86_64) AppleWebKit/537.36 (KHTML, like Gecko) Chrome/64.0.3282.186 Safari/537.36"
info : Token is valid
::1 - - [27/Jul/2018:05:22:15 +0000] "GET /admin-apis/connections HTTP/1.1" 304 - "http://localhost:4200/admin-connections" "Mozilla/5.0 (X11; Linux x86_64) AppleWebKit/537.36 (KHTML, like Gecko) Chrome/64.0.3282.186 Safari/537.36"
info : Token is valid
info : Token is valid
::1 - - [27/Jul/2018:05:23:06 +0000] "GET /apis/devices HTTP/1.1" 304 - "http://localhost:4200/fetchdata" "Mozilla/5.0 (X11; Linux x86_64) AppleWebKit/537.36 (KHTML, like Gecko) Chrome/64.0.3282.186 Safari/537.36"
info : Token is valid
::1 - - [27/Jul/2018:05:23:28 +0000] "GET /admin-apis/connections HTTP/1.1" 304 - "http://localhost:4200/admin-connections" "Mozilla/5.0 (X11; Linux x86_64) AppleWebKit/537.36 (KHTML, like Gecko) Chrome/64.0.3282.186 Safari/537.36"
info : Token is invalid
::1 - - [27/Jul/2018:05:37:44 +0000] "GET /admin-apis/connection-requests HTTP/1.1" 304 - "http://localhost:4200/requested_conn" "Mozilla/5.0 (X11; Linux x86_64) AppleWebKit/537.36 (KHTML, like Gecko) Chrome/64.0.3282.186 Safari/537.36"
info : Token is invalid
::1 - - [27/Jul/2018:05:38:39 +0000] "GET /admin-apis/connections HTTP/1.1" 304 -
info : Token is invalid
::1 - - [27/Jul/2018:06:10:59 +0000] "GET /admin-apis/connection-requests HTTP/1.1" 200 430
info : Token is invalid
::1 - - [27/Jul/2018:06:11:23 +0000] "GET /admin-apis/connections HTTP/1.1" 200 992
info : Token is invalid
::1 - - [27/Jul/2018:06:11:53 +0000] "GET /apis/devices HTTP/1.1" 200 3081
info : Token is invalid
::1 - - [27/Jul/2018:06:12:02 +0000] "GET /admin-apis/connection-requests HTTP/1.1" 304 -
info : Token is invalid
::1 - - [27/Jul/2018:06:13:21 +0000] "GET /admin-apis/connection-requests HTTP/1.1" 304 -
info : Token is invalid
::1 - - [27/Jul/2018:06:13:47 +0000] "GET /admin-apis/connection-requests HTTP/1.1" 304 -
info : Token is invalid
::1 - - [27/Jul/2018:06:14:25 +0000] "GET /admin-apis/connection-requests HTTP/1.1" 304 -
info : Token is invalid
::1 - - [27/Jul/2018:06:14:47 +0000] "GET /apis/devices HTTP/1.1" 304 -
info : Token is invalid
::1 - - [27/Jul/2018:06:14:56 +0000] "GET /admin-apis/connections HTTP/1.1" 304 -
info : Token is invalid
::1 - - [27/Jul/2018:06:15:35 +0000] "GET /admin-apis/connections HTTP/1.1" 304 -
info : Token is invalid
::1 - - [27/Jul/2018:06:15:37 +0000] "GET /admin-apis/connection-requests HTTP/1.1" 304 -
info : Token is invalid
::1 - - [27/Jul/2018:06:15:39 +0000] "GET /admin-apis/connections HTTP/1.1" 304 -
info : Token is invalid
::1 - - [27/Jul/2018:06:16:32 +0000] "GET /admin-apis/connections HTTP/1.1" 304 -
info : Token is invalid
::1 - - [27/Jul/2018:06:41:04 +0000] "GET /admin-apis/connection-requests HTTP/1.1" 304 -
info : Token is invalid
::1 - - [27/Jul/2018:06:42:37 +0000] "GET /admin-apis/connections HTTP/1.1" 304 -
info : Token is invalid
::1 - - [27/Jul/2018:06:43:17 +0000] "GET /admin-apis/connection-requests HTTP/1.1" 304 -
info : Token is invalid
::1 - - [27/Jul/2018:06:43:43 +0000] "GET /apis/devices HTTP/1.1" 304 -
info : Token is invalid
::1 - - [27/Jul/2018:06:43:47 +0000] "GET /apis/cities HTTP/1.1" 304 -
info : Token is invalid
::1 - - [27/Jul/2018:06:43:56 +0000] "GET /admin-apis/connections HTTP/1.1" 304 -
info : Token is invalid
::1 - - [27/Jul/2018:06:45:18 +0000] "GET /admin-apis/connection-requests HTTP/1.1" 304 -
info : Token is invalid
::1 - - [27/Jul/2018:06:45:32 +0000] "GET /apis/devices HTTP/1.1" 304 -
info : Token is invalid
::1 - - [27/Jul/2018:06:45:47 +0000] "GET /admin-apis/connections HTTP/1.1" 304 -
info : Token is invalid
::1 - - [27/Jul/2018:06:45:52 +0000] "GET /admin-apis/connection-requests HTTP/1.1" 304 -
info : Token is invalid
::1 - - [27/Jul/2018:06:46:03 +0000] "GET /admin-apis/connection-requests HTTP/1.1" 304 -
info : Token is invalid
::1 - - [27/Jul/2018:06:46:05 +0000] "GET /admin-apis/connections HTTP/1.1" 304 -
info : Token is invalid
::1 - - [27/Jul/2018:06:46:38 +0000] "GET /admin-apis/connection-requests HTTP/1.1" 304 -
info : Token is invalid
::1 - - [27/Jul/2018:06:46:47 +0000] "GET /admin-apis/connection-requests HTTP/1.1" 304 -
info : Token is invalid
::1 - - [27/Jul/2018:06:47:37 +0000] "GET /admin-apis/connection-requests HTTP/1.1" 304 -
info : Token is invalid
::1 - - [27/Jul/2018:06:47:46 +0000] "GET /admin-apis/connections HTTP/1.1" 304 -
info : Token is invalid
::1 - - [27/Jul/2018:07:06:13 +0000] "GET /admin-apis/connections HTTP/1.1" 200 992
info : Token is invalid
::1 - - [27/Jul/2018:07:06:19 +0000] "GET /apis/devices HTTP/1.1" 200 3081
info : Token is invalid
::1 - - [27/Jul/2018:07:06:26 +0000] "GET /apis/cities HTTP/1.1" 304 -
info : Token is invalid
::1 - - [27/Jul/2018:07:06:34 +0000] "GET /admin-apis/connection-requests HTTP/1.1" 200 430
info : Token is invalid
::1 - - [27/Jul/2018:07:08:06 +0000] "GET /admin-apis/connections HTTP/1.1" 200 992
info : Token is invalid
::1 - - [27/Jul/2018:07:08:13 +0000] "GET /apis/devices HTTP/1.1" 304 -
info : Token is invalid
::1 - - [27/Jul/2018:07:09:53 +0000] "GET /apis/devices HTTP/1.1" 304 -
info : Token is invalid
::1 - - [27/Jul/2018:08:26:17 +0000] "GET /apis/devices HTTP/1.1" 304 -
info : Token is invalid
::1 - - [27/Jul/2018:08:26:25 +0000] "GET /admin-apis/connection-requests HTTP/1.1" 200 430
info : Token is invalid
::1 - - [27/Jul/2018:08:26:29 +0000] "GET /admin-apis/connections HTTP/1.1" 200 992
info : Token is invalid
::1 - - [27/Jul/2018:08:26:31 +0000] "GET /apis/cities HTTP/1.1" 304 -
info : Token is invalid
::1 - - [27/Jul/2018:08:26:39 +0000] "GET /apis/mappings HTTP/1.1" 304 -
info : Token is invalid
::1 - - [27/Jul/2018:08:42:01 +0000] "GET /apis/cities HTTP/1.1" 304 -
info : Token is invalid
::1 - - [27/Jul/2018:08:42:03 +0000] "GET /apis/mappings HTTP/1.1" 304 -
info : Token is invalid
::1 - - [27/Jul/2018:08:42:12 +0000] "GET /apis/graphs/d1111?date1=2018-07-20T00:00:00.000Z&date2=2018-07-28T00:00:00.000Z HTTP/1.1" 200 4529
::ffff:192.168.31.133 - - [27/Jul/2018:08:48:20 +0000] "POST /devices HTTP/1.1" 404 21
::ffff:192.168.31.133 - - [27/Jul/2018:08:48:51 +0000] "POST /discovery HTTP/1.1" 200 50
::ffff:192.168.31.133 - - [27/Jul/2018:08:49:48 +0000] "POST /discovery HTTP/1.1" 200 50
::ffff:192.168.31.133 - - [27/Jul/2018:08:54:29 +0000] "POST /discovery HTTP/1.1" 200 50
::1 - - [27/Jul/2018:08:56:12 +0000] "GET /watson/assistants HTTP/1.1" 200 28
::ffff:192.168.31.133 - - [27/Jul/2018:08:56:23 +0000] "POST /discovery HTTP/1.1" 200 50
::1 - - [27/Jul/2018:08:57:39 +0000] "GET /apis/cities HTTP/1.1" 304 -
::1 - - [27/Jul/2018:08:57:42 +0000] "GET /apis/mappings HTTP/1.1" 304 -
::1 - - [27/Jul/2018:08:57:54 +0000] "GET /apis/graphs/d1111?date1=2018-07-26T00:00:00.000Z&date2=2018-07-28T00:00:00.000Z HTTP/1.1" 200 2242
::1 - - [27/Jul/2018:08:58:08 +0000] "GET /apis/graphs/d2222?date1=2018-07-26T00:00:00.000Z&date2=2018-07-28T00:00:00.000Z HTTP/1.1" 200 1920
::1 - - [27/Jul/2018:08:58:51 +0000] "GET /apis/graphs/d2222?date1=2018-07-26T00:00:00.000Z&date2=2018-07-28T00:00:00.000Z HTTP/1.1" 304 -
::1 - - [27/Jul/2018:08:58:51 +0000] "GET /apis/graphs/d1111?date1=2018-07-26T00:00:00.000Z&date2=2018-07-28T00:00:00.000Z HTTP/1.1" 304 -
::ffff:192.168.31.133 - - [27/Jul/2018:09:01:14 +0000] "POST /discovery HTTP/1.1" 200 50
::ffff:192.168.31.133 - - [27/Jul/2018:09:01:22 +0000] "POST /discovery HTTP/1.1" 200 50
::1 - - [27/Jul/2018:09:01:56 +0000] "GET /apis/graphs/d2222?date1=2018-07-26T00:00:00.000Z&date2=2018-07-28T00:00:00.000Z HTTP/1.1" 200 2340
::1 - - [27/Jul/2018:09:01:56 +0000] "GET /apis/graphs/d1111?date1=2018-07-26T00:00:00.000Z&date2=2018-07-28T00:00:00.000Z HTTP/1.1" 200 2557
::1 - - [27/Jul/2018:09:04:45 +0000] "GET /watson/assistants HTTP/1.1" 304 -
::1 - - [27/Jul/2018:09:04:45 +0000] "GET /apis/cities HTTP/1.1" 304 -
::1 - - [27/Jul/2018:09:04:47 +0000] "GET /apis/mappings HTTP/1.1" 304 -
::1 - - [27/Jul/2018:09:04:56 +0000] "GET /apis/graphs/d2222?date1=2018-07-19T00:00:00.000Z&date2=2018-07-29T00:00:00.000Z HTTP/1.1" 200 2340
::1 - - [27/Jul/2018:09:04:56 +0000] "GET /apis/graphs/d1111?date1=2018-07-19T00:00:00.000Z&date2=2018-07-29T00:00:00.000Z HTTP/1.1" 200 2557
::1 - - [27/Jul/2018:09:09:48 +0000] "GET /watson/assistants HTTP/1.1" 304 -
::1 - - [27/Jul/2018:09:09:48 +0000] "GET /apis/cities HTTP/1.1" 304 -
::1 - - [27/Jul/2018:09:09:53 +0000] "GET /apis/mappings HTTP/1.1" 304 -
::1 - - [27/Jul/2018:09:10:03 +0000] "GET /apis/graphs/d1111?date1=2018-07-22T00:00:00.000Z&date2=2018-07-31T00:00:00.000Z HTTP/1.1" 200 2557
::1 - - [27/Jul/2018:09:10:38 +0000] "GET /watson/assistants HTTP/1.1" 304 -
::1 - - [27/Jul/2018:09:10:39 +0000] "GET /apis/cities HTTP/1.1" 304 -
::1 - - [27/Jul/2018:09:10:42 +0000] "GET /apis/mappings HTTP/1.1" 304 -
::1 - - [27/Jul/2018:09:10:51 +0000] "GET /apis/graphs/d1111?date1=2018-07-20T00:00:00.000Z&date2=2018-07-29T00:00:00.000Z HTTP/1.1" 200 2557
::1 - - [27/Jul/2018:09:11:21 +0000] "GET /watson/assistants HTTP/1.1" 304 -
::1 - - [27/Jul/2018:09:11:21 +0000] "GET /apis/cities HTTP/1.1" 304 -
::1 - - [27/Jul/2018:09:11:43 +0000] "GET /watson/assistants HTTP/1.1" 304 -
::1 - - [27/Jul/2018:09:11:44 +0000] "GET /apis/cities HTTP/1.1" 304 -
::1 - - [27/Jul/2018:09:11:47 +0000] "GET /apis/mappings HTTP/1.1" 304 -
::1 - - [27/Jul/2018:09:11:56 +0000] "GET /apis/graphs/d1111?date1=2018-07-21T00:00:00.000Z&date2=2018-07-31T00:00:00.000Z HTTP/1.1" 200 2557
::1 - - [27/Jul/2018:09:12:57 +0000] "GET /watson/assistants HTTP/1.1" 304 -
::1 - - [27/Jul/2018:09:12:57 +0000] "GET /apis/cities HTTP/1.1" 304 -
::1 - - [27/Jul/2018:09:13:00 +0000] "GET /apis/mappings HTTP/1.1" 304 -
::1 - - [27/Jul/2018:09:13:10 +0000] "GET /apis/graphs/d1111?date1=2018-07-20T00:00:00.000Z&date2=2018-07-29T00:00:00.000Z HTTP/1.1" 304 -
::1 - - [27/Jul/2018:09:15:36 +0000] "GET /apis/graphs/d2222?date1=2018-07-20T00:00:00.000Z&date2=2018-07-29T00:00:00.000Z HTTP/1.1" 200 2340
::1 - - [27/Jul/2018:09:15:36 +0000] "GET /apis/graphs/d1111?date1=2018-07-20T00:00:00.000Z&date2=2018-07-29T00:00:00.000Z HTTP/1.1" 304 -
::1 - - [27/Jul/2018:09:16:04 +0000] "GET /watson/assistants HTTP/1.1" 304 -
::1 - - [27/Jul/2018:09:16:05 +0000] "GET /apis/cities HTTP/1.1" 304 -
::1 - - [27/Jul/2018:09:16:07 +0000] "GET /apis/mappings HTTP/1.1" 304 -
::1 - - [27/Jul/2018:09:16:16 +0000] "GET /apis/graphs/d2222?date1=2018-07-20T00:00:00.000Z&date2=2018-07-29T00:00:00.000Z HTTP/1.1" 304 -
::1 - - [27/Jul/2018:09:16:16 +0000] "GET /apis/graphs/d1111?date1=2018-07-20T00:00:00.000Z&date2=2018-07-29T00:00:00.000Z HTTP/1.1" 304 -
::1 - - [27/Jul/2018:09:16:54 +0000] "GET /apis/cities HTTP/1.1" 304 -
::1 - - [27/Jul/2018:09:16:54 +0000] "GET /watson/assistants HTTP/1.1" 304 -
::1 - - [27/Jul/2018:09:16:57 +0000] "GET /apis/mappings HTTP/1.1" 304 -
::1 - - [27/Jul/2018:09:17:09 +0000] "GET /apis/graphs/d1111?date1=2018-07-21T00:00:00.000Z&date2=2018-07-31T00:00:00.000Z HTTP/1.1" 304 -
::1 - - [27/Jul/2018:09:17:09 +0000] "GET /apis/graphs/d2222?date1=2018-07-21T00:00:00.000Z&date2=2018-07-31T00:00:00.000Z HTTP/1.1" 200 2340
::1 - - [27/Jul/2018:09:18:52 +0000] "GET /watson/assistants HTTP/1.1" 304 -
::1 - - [27/Jul/2018:09:18:53 +0000] "GET /apis/cities HTTP/1.1" 304 -
::1 - - [27/Jul/2018:09:18:56 +0000] "GET /apis/mappings HTTP/1.1" 304 -
::1 - - [27/Jul/2018:09:19:07 +0000] "GET /apis/graphs/d1111?date1=2018-07-20T00:00:00.000Z&date2=2018-07-29T00:00:00.000Z HTTP/1.1" 304 -
::1 - - [27/Jul/2018:09:19:07 +0000] "GET /apis/graphs/d2222?date1=2018-07-20T00:00:00.000Z&date2=2018-07-29T00:00:00.000Z HTTP/1.1" 304 -
::1 - - [27/Jul/2018:09:20:23 +0000] "GET /watson/assistants HTTP/1.1" 304 -
::1 - - [27/Jul/2018:09:20:24 +0000] "GET /apis/cities HTTP/1.1" 304 -
::1 - - [27/Jul/2018:09:20:26 +0000] "GET /apis/mappings HTTP/1.1" 304 -
::1 - - [27/Jul/2018:09:20:36 +0000] "GET /apis/graphs/d1111?date1=2018-07-22T00:00:00.000Z&date2=2018-07-31T00:00:00.000Z HTTP/1.1" 304 -
::1 - - [27/Jul/2018:09:20:36 +0000] "GET /apis/graphs/d2222?date1=2018-07-22T00:00:00.000Z&date2=2018-07-31T00:00:00.000Z HTTP/1.1" 200 2340
::1 - - [27/Jul/2018:09:21:32 +0000] "GET /watson/assistants HTTP/1.1" 304 -
::1 - - [27/Jul/2018:09:21:32 +0000] "GET /apis/cities HTTP/1.1" 304 -
::1 - - [27/Jul/2018:09:21:35 +0000] "GET /apis/mappings HTTP/1.1" 304 -
::1 - - [27/Jul/2018:09:21:43 +0000] "GET /apis/graphs/d1111?date1=2018-07-21T00:00:00.000Z&date2=2018-07-31T00:00:00.000Z HTTP/1.1" 304 -
::1 - - [27/Jul/2018:09:21:43 +0000] "GET /apis/graphs/d2222?date1=2018-07-21T00:00:00.000Z&date2=2018-07-31T00:00:00.000Z HTTP/1.1" 304 -
::1 - - [27/Jul/2018:09:22:07 +0000] "GET /watson/assistants HTTP/1.1" 304 -
::1 - - [27/Jul/2018:09:22:07 +0000] "GET /apis/cities HTTP/1.1" 304 -
::1 - - [27/Jul/2018:09:22:10 +0000] "GET /apis/mappings HTTP/1.1" 304 -
::1 - - [27/Jul/2018:09:22:19 +0000] "GET /apis/graphs/d2222?date1=2018-07-21T00:00:00.000Z&date2=2018-07-31T00:00:00.000Z HTTP/1.1" 304 -
::1 - - [27/Jul/2018:09:22:19 +0000] "GET /apis/graphs/d1111?date1=2018-07-21T00:00:00.000Z&date2=2018-07-31T00:00:00.000Z HTTP/1.1" 304 -
::1 - - [27/Jul/2018:09:29:39 +0000] "GET /apis/cities HTTP/1.1" 304 -
::1 - - [27/Jul/2018:09:29:39 +0000] "GET /watson/assistants HTTP/1.1" 304 -
::1 - - [27/Jul/2018:09:29:42 +0000] "GET /apis/mappings HTTP/1.1" 304 -
::1 - - [27/Jul/2018:09:29:53 +0000] "GET /apis/graphs/d2222?date1=2018-07-20T00:00:00.000Z&date2=2018-07-31T00:00:00.000Z HTTP/1.1" 200 2340
::1 - - [27/Jul/2018:09:29:54 +0000] "GET /apis/graphs/d1111?date1=2018-07-20T00:00:00.000Z&date2=2018-07-31T00:00:00.000Z HTTP/1.1" 200 2557
::1 - - [27/Jul/2018:09:33:47 +0000] "GET /watson/assistants HTTP/1.1" 304 -
::1 - - [27/Jul/2018:09:33:48 +0000] "GET /apis/cities HTTP/1.1" 304 -
::1 - - [27/Jul/2018:09:33:51 +0000] "GET /apis/mappings HTTP/1.1" 304 -
::1 - - [27/Jul/2018:09:33:59 +0000] "GET /apis/graphs/d2222?date1=2018-07-20T00:00:00.000Z&date2=2018-07-31T00:00:00.000Z HTTP/1.1" 304 -
::1 - - [27/Jul/2018:09:34:00 +0000] "GET /apis/graphs/d1111?date1=2018-07-20T00:00:00.000Z&date2=2018-07-31T00:00:00.000Z HTTP/1.1" 304 -
::1 - - [27/Jul/2018:09:34:40 +0000] "GET /watson/assistants HTTP/1.1" 304 -
::1 - - [27/Jul/2018:09:34:40 +0000] "GET /apis/cities HTTP/1.1" 304 -
::1 - - [27/Jul/2018:09:34:42 +0000] "GET /apis/mappings HTTP/1.1" 304 -
::1 - - [27/Jul/2018:09:34:51 +0000] "GET /apis/graphs/d2222?date1=2018-07-20T00:00:00.000Z&date2=2018-07-31T00:00:00.000Z HTTP/1.1" 304 -
::1 - - [27/Jul/2018:09:34:51 +0000] "GET /apis/graphs/d1111?date1=2018-07-20T00:00:00.000Z&date2=2018-07-31T00:00:00.000Z HTTP/1.1" 304 -
::ffff:192.168.31.133 - - [27/Jul/2018:09:35:48 +0000] "POST /discovery HTTP/1.1" 200 50
::ffff:192.168.31.133 - - [27/Jul/2018:09:35:52 +0000] "POST /discovery HTTP/1.1" 200 50
::1 - - [27/Jul/2018:09:36:55 +0000] "GET /apis/cities HTTP/1.1" 304 -
::1 - - [27/Jul/2018:09:36:57 +0000] "GET /apis/mappings HTTP/1.1" 304 -
::1 - - [27/Jul/2018:09:37:15 +0000] "GET /apis/graphs/d1111?date1=2018-07-22T00:00:00.000Z&date2=2018-07-31T00:00:00.000Z HTTP/1.1" 200 652
::1 - - [27/Jul/2018:09:37:16 +0000] "GET /apis/graphs/d2222?date1=2018-07-22T00:00:00.000Z&date2=2018-07-31T00:00:00.000Z HTTP/1.1" 200 759
::1 - - [27/Jul/2018:09:37:49 +0000] "GET /watson/assistants HTTP/1.1" 304 -
::1 - - [27/Jul/2018:09:37:50 +0000] "GET /apis/cities HTTP/1.1" 304 -
::1 - - [27/Jul/2018:09:37:53 +0000] "GET /apis/mappings HTTP/1.1" 304 -
::1 - - [27/Jul/2018:09:38:00 +0000] "GET /apis/graphs/d2222?date1=2018-07-21T00:00:00.000Z&date2=2018-07-31T00:00:00.000Z HTTP/1.1" 200 759
::1 - - [27/Jul/2018:09:38:01 +0000] "GET /apis/graphs/d1111?date1=2018-07-21T00:00:00.000Z&date2=2018-07-31T00:00:00.000Z HTTP/1.1" 200 652
::1 - - [27/Jul/2018:09:59:01 +0000] "GET /watson/assistants HTTP/1.1" 304 -
::1 - - [27/Jul/2018:09:59:02 +0000] "GET /apis/cities HTTP/1.1" 304 -
::1 - - [27/Jul/2018:09:59:05 +0000] "GET /apis/mappings HTTP/1.1" 304 -
::1 - - [27/Jul/2018:09:59:14 +0000] "GET /apis/graphs/d1111?date1=2018-07-20T00:00:00.000Z&date2=2018-07-31T00:00:00.000Z HTTP/1.1" 200 652
::1 - - [27/Jul/2018:09:59:14 +0000] "GET /apis/graphs/d2222?date1=2018-07-20T00:00:00.000Z&date2=2018-07-31T00:00:00.000Z HTTP/1.1" 200 759
::1 - - [27/Jul/2018:10:02:19 +0000] "GET /watson/assistants HTTP/1.1" 304 -
::1 - - [27/Jul/2018:10:02:21 +0000] "GET /apis/cities HTTP/1.1" 304 -
::1 - - [27/Jul/2018:10:02:23 +0000] "GET /apis/mappings HTTP/1.1" 304 -
::1 - - [27/Jul/2018:10:02:31 +0000] "GET /apis/graphs/d2222?date1=2018-07-20T00:00:00.000Z&date2=2018-07-31T00:00:00.000Z HTTP/1.1" 304 -
::1 - - [27/Jul/2018:10:02:31 +0000] "GET /apis/graphs/d1111?date1=2018-07-20T00:00:00.000Z&date2=2018-07-31T00:00:00.000Z HTTP/1.1" 304 -
::1 - - [27/Jul/2018:10:03:43 +0000] "GET /watson/assistants HTTP/1.1" 304 -
::1 - - [27/Jul/2018:10:03:44 +0000] "GET /apis/cities HTTP/1.1" 304 -
::1 - - [27/Jul/2018:10:03:46 +0000] "GET /apis/mappings HTTP/1.1" 304 -
::1 - - [27/Jul/2018:10:03:56 +0000] "GET /apis/graphs/d2222?date1=2018-07-21T00:00:00.000Z&date2=2018-07-31T00:00:00.000Z HTTP/1.1" 304 -
::1 - - [27/Jul/2018:10:03:57 +0000] "GET /apis/graphs/d1111?date1=2018-07-21T00:00:00.000Z&date2=2018-07-31T00:00:00.000Z HTTP/1.1" 304 -
::1 - - [27/Jul/2018:10:07:08 +0000] "GET /watson/assistants HTTP/1.1" 304 -
::1 - - [27/Jul/2018:10:07:10 +0000] "GET /apis/cities HTTP/1.1" 304 -
::1 - - [27/Jul/2018:10:07:19 +0000] "GET /apis/mappings HTTP/1.1" 304 -
::1 - - [27/Jul/2018:10:07:30 +0000] "GET /apis/graphs/d2222?date1=2018-07-20T00:00:00.000Z&date2=2018-07-31T00:00:00.000Z HTTP/1.1" 304 -
::1 - - [27/Jul/2018:10:07:30 +0000] "GET /apis/graphs/d1111?date1=2018-07-20T00:00:00.000Z&date2=2018-07-31T00:00:00.000Z HTTP/1.1" 304 -
::1 - - [27/Jul/2018:10:08:48 +0000] "GET /watson/assistants HTTP/1.1" 304 -
::1 - - [27/Jul/2018:10:08:48 +0000] "GET /apis/cities HTTP/1.1" 304 -
::1 - - [27/Jul/2018:10:08:50 +0000] "GET /apis/mappings HTTP/1.1" 304 -
::1 - - [27/Jul/2018:10:08:59 +0000] "GET /apis/graphs/d1111?date1=2018-07-19T00:00:00.000Z&date2=2018-07-31T00:00:00.000Z HTTP/1.1" 200 652
::1 - - [27/Jul/2018:10:08:59 +0000] "GET /apis/graphs/d2222?date1=2018-07-19T00:00:00.000Z&date2=2018-07-31T00:00:00.000Z HTTP/1.1" 200 759
::1 - - [27/Jul/2018:10:09:50 +0000] "GET /watson/assistants HTTP/1.1" 304 -
::1 - - [27/Jul/2018:10:09:51 +0000] "GET /apis/cities HTTP/1.1" 304 -
::1 - - [27/Jul/2018:10:09:53 +0000] "GET /apis/mappings HTTP/1.1" 304 -
::1 - - [27/Jul/2018:10:10:01 +0000] "GET /apis/graphs/d2222?date1=2018-07-20T00:00:00.000Z&date2=2018-07-31T00:00:00.000Z HTTP/1.1" 304 -
::1 - - [27/Jul/2018:10:10:01 +0000] "GET /apis/graphs/d1111?date1=2018-07-20T00:00:00.000Z&date2=2018-07-31T00:00:00.000Z HTTP/1.1" 304 -
::1 - - [27/Jul/2018:10:11:01 +0000] "GET /watson/assistants HTTP/1.1" 304 -
::1 - - [27/Jul/2018:10:11:02 +0000] "GET /apis/cities HTTP/1.1" 304 -
::1 - - [27/Jul/2018:10:11:04 +0000] "GET /apis/mappings HTTP/1.1" 304 -
::1 - - [27/Jul/2018:10:11:12 +0000] "GET /apis/graphs/d1111?date1=2018-07-20T00:00:00.000Z&date2=2018-07-31T00:00:00.000Z HTTP/1.1" 304 -
::1 - - [27/Jul/2018:10:11:12 +0000] "GET /apis/graphs/d2222?date1=2018-07-20T00:00:00.000Z&date2=2018-07-31T00:00:00.000Z HTTP/1.1" 304 -
::1 - - [27/Jul/2018:10:13:14 +0000] "GET /watson/assistants HTTP/1.1" 304 -
::1 - - [27/Jul/2018:10:13:14 +0000] "GET /apis/cities HTTP/1.1" 304 -
::1 - - [27/Jul/2018:10:13:51 +0000] "GET /watson/assistants HTTP/1.1" 304 -
::1 - - [27/Jul/2018:10:13:51 +0000] "GET /apis/cities HTTP/1.1" 304 -
::1 - - [27/Jul/2018:10:13:55 +0000] "GET /apis/mappings HTTP/1.1" 304 -
::1 - - [27/Jul/2018:10:14:04 +0000] "GET /apis/graphs/d2222?date1=2018-07-20T00:00:00.000Z&date2=2018-07-31T00:00:00.000Z HTTP/1.1" 304 -
::1 - - [27/Jul/2018:10:14:04 +0000] "GET /apis/graphs/d1111?date1=2018-07-20T00:00:00.000Z&date2=2018-07-31T00:00:00.000Z HTTP/1.1" 304 -
::1 - - [27/Jul/2018:10:15:06 +0000] "GET /watson/assistants HTTP/1.1" 304 -
::1 - - [27/Jul/2018:10:15:07 +0000] "GET /apis/cities HTTP/1.1" 304 -
::1 - - [27/Jul/2018:10:16:31 +0000] "GET /watson/assistants HTTP/1.1" 304 -
::1 - - [27/Jul/2018:10:16:31 +0000] "GET /apis/cities HTTP/1.1" 304 -
::1 - - [27/Jul/2018:10:16:35 +0000] "GET /apis/mappings HTTP/1.1" 304 -
::1 - - [27/Jul/2018:10:16:46 +0000] "GET /apis/graphs/d2222?date1=2018-07-20T00:00:00.000Z&date2=2018-07-31T00:00:00.000Z HTTP/1.1" 304 -
::1 - - [27/Jul/2018:10:16:46 +0000] "GET /apis/graphs/d1111?date1=2018-07-20T00:00:00.000Z&date2=2018-07-31T00:00:00.000Z HTTP/1.1" 304 -
::1 - - [27/Jul/2018:10:18:10 +0000] "GET /watson/assistants HTTP/1.1" 304 -
::1 - - [27/Jul/2018:10:18:10 +0000] "GET /apis/cities HTTP/1.1" 304 -
::1 - - [27/Jul/2018:10:18:13 +0000] "GET /apis/mappings HTTP/1.1" 304 -
::1 - - [27/Jul/2018:10:18:21 +0000] "GET /apis/graphs/d2222?date1=2018-07-20T00:00:00.000Z&date2=2018-07-31T00:00:00.000Z HTTP/1.1" 304 -
::1 - - [27/Jul/2018:10:18:21 +0000] "GET /apis/graphs/d1111?date1=2018-07-20T00:00:00.000Z&date2=2018-07-31T00:00:00.000Z HTTP/1.1" 304 -
::1 - - [27/Jul/2018:10:19:28 +0000] "GET /watson/assistants HTTP/1.1" 304 -
::1 - - [27/Jul/2018:10:19:28 +0000] "GET /apis/cities HTTP/1.1" 304 -
::1 - - [27/Jul/2018:10:20:45 +0000] "GET /watson/assistants HTTP/1.1" 304 -
::1 - - [27/Jul/2018:10:20:45 +0000] "GET /apis/cities HTTP/1.1" 304 -
::1 - - [27/Jul/2018:10:20:48 +0000] "GET /apis/mappings HTTP/1.1" 304 -
::1 - - [27/Jul/2018:10:20:56 +0000] "GET /apis/graphs/d1111?date1=2018-07-21T00:00:00.000Z&date2=2018-07-31T00:00:00.000Z HTTP/1.1" 304 -
::1 - - [27/Jul/2018:10:20:56 +0000] "GET /apis/graphs/d2222?date1=2018-07-21T00:00:00.000Z&date2=2018-07-31T00:00:00.000Z HTTP/1.1" 304 -
::1 - - [27/Jul/2018:10:21:50 +0000] "GET /watson/assistants HTTP/1.1" 304 -
::1 - - [27/Jul/2018:10:21:51 +0000] "GET /apis/cities HTTP/1.1" 304 -
::1 - - [27/Jul/2018:10:21:54 +0000] "GET /watson/assistants HTTP/1.1" 304 -
::1 - - [27/Jul/2018:10:21:55 +0000] "GET /apis/cities HTTP/1.1" 304 -
::1 - - [27/Jul/2018:10:21:58 +0000] "GET /apis/mappings HTTP/1.1" 304 -
::1 - - [27/Jul/2018:10:22:07 +0000] "GET /apis/graphs/d1111?date1=2018-07-20T00:00:00.000Z&date2=2018-07-31T00:00:00.000Z HTTP/1.1" 304 -
::1 - - [27/Jul/2018:10:22:07 +0000] "GET /apis/graphs/d2222?date1=2018-07-20T00:00:00.000Z&date2=2018-07-31T00:00:00.000Z HTTP/1.1" 304 -
::1 - - [27/Jul/2018:10:22:29 +0000] "GET /watson/assistants HTTP/1.1" 304 -
::1 - - [27/Jul/2018:10:22:29 +0000] "GET /apis/cities HTTP/1.1" 304 -
::1 - - [27/Jul/2018:10:22:35 +0000] "GET /apis/mappings HTTP/1.1" 304 -
::1 - - [27/Jul/2018:10:22:42 +0000] "GET /apis/graphs/d2222?date1=2018-07-20T00:00:00.000Z&date2=2018-07-31T00:00:00.000Z HTTP/1.1" 304 -
::1 - - [27/Jul/2018:10:22:43 +0000] "GET /apis/graphs/d1111?date1=2018-07-20T00:00:00.000Z&date2=2018-07-31T00:00:00.000Z HTTP/1.1" 304 -
::1 - - [27/Jul/2018:10:23:41 +0000] "GET /apis/cities HTTP/1.1" 304 -
::1 - - [27/Jul/2018:10:23:41 +0000] "GET /watson/assistants HTTP/1.1" 304 -
::1 - - [27/Jul/2018:10:25:57 +0000] "GET /watson/assistants HTTP/1.1" 304 -
::1 - - [27/Jul/2018:10:25:58 +0000] "GET /apis/cities HTTP/1.1" 304 -
::1 - - [27/Jul/2018:10:26:55 +0000] "GET /watson/assistants HTTP/1.1" 304 -
::1 - - [27/Jul/2018:10:26:56 +0000] "GET /apis/cities HTTP/1.1" 304 -
::1 - - [27/Jul/2018:10:27:37 +0000] "GET /watson/assistants HTTP/1.1" 304 -
::1 - - [27/Jul/2018:10:27:38 +0000] "GET /apis/cities HTTP/1.1" 304 -
::1 - - [27/Jul/2018:10:28:10 +0000] "GET /watson/assistants HTTP/1.1" 304 -
::1 - - [27/Jul/2018:10:28:10 +0000] "GET /apis/cities HTTP/1.1" 304 -
::1 - - [27/Jul/2018:10:32:06 +0000] "GET /watson/assistants HTTP/1.1" 304 -
::1 - - [27/Jul/2018:10:32:07 +0000] "GET /apis/cities HTTP/1.1" 304 -
::1 - - [27/Jul/2018:10:33:20 +0000] "GET /watson/assistants HTTP/1.1" 304 -
::1 - - [27/Jul/2018:10:33:20 +0000] "GET /apis/cities HTTP/1.1" 304 -
::1 - - [27/Jul/2018:10:35:39 +0000] "GET /watson/assistants HTTP/1.1" 304 -
::1 - - [27/Jul/2018:10:35:40 +0000] "GET /apis/cities HTTP/1.1" 304 -
::1 - - [27/Jul/2018:10:35:47 +0000] "GET /watson/assistants HTTP/1.1" 304 -
::1 - - [27/Jul/2018:10:35:48 +0000] "GET /apis/cities HTTP/1.1" 304 -
::1 - - [27/Jul/2018:10:35:51 +0000] "GET /apis/mappings HTTP/1.1" 304 -
::1 - - [27/Jul/2018:10:36:01 +0000] "GET /apis/graphs/d2222?date1=2018-07-20T00:00:00.000Z&date2=2018-07-31T00:00:00.000Z HTTP/1.1" 304 -
::1 - - [27/Jul/2018:10:36:01 +0000] "GET /apis/graphs/d1111?date1=2018-07-20T00:00:00.000Z&date2=2018-07-31T00:00:00.000Z HTTP/1.1" 304 -
::ffff:192.168.31.133 - - [27/Jul/2018:10:37:07 +0000] "POST /discovery HTTP/1.1" 200 50
::ffff:192.168.31.133 - - [27/Jul/2018:10:37:09 +0000] "POST /discovery HTTP/1.1" 200 50
::1 - - [27/Jul/2018:10:38:19 +0000] "GET /watson/assistants HTTP/1.1" 304 -
::1 - - [27/Jul/2018:10:38:20 +0000] "GET /apis/cities HTTP/1.1" 304 -
::1 - - [27/Jul/2018:10:38:25 +0000] "GET /apis/mappings HTTP/1.1" 304 -
::1 - - [27/Jul/2018:10:38:51 +0000] "GET /apis/graphs/d1111?date1=2018-07-20T00:00:00.000Z&date2=2018-07-31T00:00:00.000Z HTTP/1.1" 200 653
::1 - - [27/Jul/2018:10:38:51 +0000] "GET /apis/graphs/d2222?date1=2018-07-20T00:00:00.000Z&date2=2018-07-31T00:00:00.000Z HTTP/1.1" 200 759
::1 - - [27/Jul/2018:10:39:45 +0000] "GET /watson/assistants HTTP/1.1" 304 -
::1 - - [27/Jul/2018:10:39:45 +0000] "GET /apis/cities HTTP/1.1" 304 -
::1 - - [27/Jul/2018:10:39:50 +0000] "GET /apis/mappings HTTP/1.1" 304 -
::1 - - [27/Jul/2018:10:40:02 +0000] "GET /apis/graphs/d2222?date1=2018-07-20T00:00:00.000Z&date2=2018-07-31T00:00:00.000Z HTTP/1.1" 304 -
::1 - - [27/Jul/2018:10:40:03 +0000] "GET /apis/graphs/d1111?date1=2018-07-20T00:00:00.000Z&date2=2018-07-31T00:00:00.000Z HTTP/1.1" 304 -
::1 - - [27/Jul/2018:10:40:58 +0000] "GET /watson/assistants HTTP/1.1" 304 -
::1 - - [27/Jul/2018:10:40:58 +0000] "GET /apis/cities HTTP/1.1" 304 -
::1 - - [27/Jul/2018:10:41:02 +0000] "GET /apis/mappings HTTP/1.1" 304 -
::1 - - [27/Jul/2018:10:41:10 +0000] "GET /apis/graphs/d2222?date1=2018-07-20T00:00:00.000Z&date2=2018-07-31T00:00:00.000Z HTTP/1.1" 304 -
::1 - - [27/Jul/2018:10:41:11 +0000] "GET /apis/graphs/d1111?date1=2018-07-20T00:00:00.000Z&date2=2018-07-31T00:00:00.000Z HTTP/1.1" 304 -
::1 - - [27/Jul/2018:12:36:07 +0000] "GET /watson/assistants HTTP/1.1" 304 -
::1 - - [27/Jul/2018:12:36:32 +0000] "GET /apis/cities HTTP/1.1" 304 -
::1 - - [27/Jul/2018:12:36:34 +0000] "GET /apis/mappings HTTP/1.1" 304 -
::1 - - [27/Jul/2018:12:36:43 +0000] "GET /apis/graphs/d2222?date1=2018-07-20T00:00:00.000Z&date2=2018-07-31T00:00:00.000Z HTTP/1.1" 304 -
::1 - - [27/Jul/2018:12:36:43 +0000] "GET /apis/graphs/d1111?date1=2018-07-20T00:00:00.000Z&date2=2018-07-31T00:00:00.000Z HTTP/1.1" 304 -
::1 - - [27/Jul/2018:12:37:22 +0000] "GET /watson/assistants HTTP/1.1" 304 -
::1 - - [27/Jul/2018:12:37:22 +0000] "GET /apis/cities HTTP/1.1" 304 -
::1 - - [27/Jul/2018:12:37:49 +0000] "GET /watson/assistants HTTP/1.1" 304 -
::1 - - [27/Jul/2018:12:37:49 +0000] "GET /apis/cities HTTP/1.1" 304 -
::1 - - [27/Jul/2018:12:38:02 +0000] "GET /apis/mappings HTTP/1.1" 304 -
::1 - - [27/Jul/2018:12:38:16 +0000] "GET /apis/graphs/d1111?date1=2018-07-20T00:00:00.000Z&date2=2018-07-31T00:00:00.000Z HTTP/1.1" 304 -
::1 - - [27/Jul/2018:12:38:16 +0000] "GET /apis/graphs/d2222?date1=2018-07-20T00:00:00.000Z&date2=2018-07-31T00:00:00.000Z HTTP/1.1" 304 -
::ffff:192.168.31.74 - - [27/Jul/2018:12:42:13 +0000] "GET / HTTP/1.0" 404 13
::ffff:192.168.31.74 - - [27/Jul/2018:12:43:51 +0000] "GET / HTTP/1.1" 404 13
::ffff:192.168.31.74 - - [27/Jul/2018:12:43:52 +0000] "GET / HTTP/1.0" 404 13
::ffff:192.168.31.74 - - [27/Jul/2018:12:43:52 +0000] "GET / HTTP/1.1" 404 13
::ffff:192.168.31.74 - - [27/Jul/2018:12:43:52 +0000] "GET /nmaplowercheck1532695429 HTTP/1.1" 404 37
::ffff:192.168.31.74 - - [27/Jul/2018:12:43:52 +0000] "GET /HNAP1 HTTP/1.1" 404 18
::ffff:192.168.31.74 - - [27/Jul/2018:12:43:53 +0000] "POST /sdk HTTP/1.1" 404 17
::1 - - [30/Jul/2018:05:03:03 +0000] "GET /watson/assistants HTTP/1.1" 304 -
::1 - - [30/Jul/2018:05:03:15 +0000] "GET /apis/devices HTTP/1.1" 304 -
::1 - - [30/Jul/2018:05:03:27 +0000] "GET /admin-apis/user-connections HTTP/1.1" 200 430
::1 - - [30/Jul/2018:05:03:33 +0000] "GET /admin-apis/connections HTTP/1.1" 304 -
::1 - - [30/Jul/2018:05:07:07 +0000] "GET /apis/cities HTTP/1.1" 304 -
::1 - - [30/Jul/2018:05:07:09 +0000] "GET /apis/mappings HTTP/1.1" 304 -
::1 - - [30/Jul/2018:05:07:23 +0000] "GET /apis/graphs/d1111?date1=2018-07-20T00:00:00.000Z&date2=2018-07-28T00:00:00.000Z HTTP/1.1" 200 653
::1 - - [30/Jul/2018:05:07:23 +0000] "GET /apis/graphs/d2222?date1=2018-07-20T00:00:00.000Z&date2=2018-07-28T00:00:00.000Z HTTP/1.1" 200 759
::1 - - [30/Jul/2018:05:08:42 +0000] "GET /admin-apis/user-connections HTTP/1.1" 304 -
::1 - - [30/Jul/2018:05:15:44 +0000] "GET /apis/devices HTTP/1.1" 304 -
::1 - - [30/Jul/2018:05:15:46 +0000] "GET /apis/auth-tokens/d1111 HTTP/1.1" 200 20
::1 - - [30/Jul/2018:05:15:49 +0000] "GET /apis/auth-tokens/d2222 HTTP/1.1" 200 20
::1 - - [30/Jul/2018:05:21:23 +0000] "GET /admin-apis/connections HTTP/1.1" 304 -
::1 - - [30/Jul/2018:05:21:26 +0000] "GET /admin-apis/user-connections HTTP/1.1" 304 -
::1 - - [30/Jul/2018:06:10:31 +0000] "GET /watson/assistants HTTP/1.1" 304 -
::1 - - [30/Jul/2018:06:10:33 +0000] "GET /apis/devices HTTP/1.1" 304 -
::1 - - [30/Jul/2018:06:11:39 +0000] "DELETE /apis/devices/d5555 HTTP/1.1" 200 16
::1 - - [30/Jul/2018:06:11:40 +0000] "GET /apis/devices HTTP/1.1" 200 2060
::1 - - [30/Jul/2018:06:13:00 +0000] "DELETE /apis/devices/d2222 HTTP/1.1" 200 16
::1 - - [30/Jul/2018:06:13:01 +0000] "GET /apis/devices HTTP/1.1" 200 1039
::1 - - [30/Jul/2018:06:23:24 +0000] "GET /watson/assistants HTTP/1.1" 304 -
::1 - - [30/Jul/2018:06:23:25 +0000] "GET /apis/devices HTTP/1.1" 200 1838
::1 - - [30/Jul/2018:06:23:30 +0000] "DELETE /apis/devices/d2222 HTTP/1.1" 200 16
::1 - - [30/Jul/2018:06:23:31 +0000] "GET /apis/devices HTTP/1.1" 200 1039
::1 - - [30/Jul/2018:06:24:10 +0000] "DELETE /apis/devices/d1111 HTTP/1.1" 200 16
::1 - - [30/Jul/2018:06:24:11 +0000] "GET /apis/devices HTTP/1.1" 200 16
::1 - - [30/Jul/2018:06:25:27 +0000] "GET /watson/assistants HTTP/1.1" 304 -
::1 - - [30/Jul/2018:06:25:28 +0000] "GET /apis/devices HTTP/1.1" 200 1616
::1 - - [30/Jul/2018:06:25:32 +0000] "DELETE /apis/devices/d5555 HTTP/1.1" 200 16
::1 - - [30/Jul/2018:06:25:33 +0000] "GET /apis/devices HTTP/1.1" 200 817
::1 - - [30/Jul/2018:06:26:32 +0000] "POST /apis/devices HTTP/1.1" 200 20
::1 - - [30/Jul/2018:06:26:32 +0000] "POST /discovery HTTP/1.1" 200 0
::ffff:192.168.31.133 - - [30/Jul/2018:06:26:33 +0000] "POST /discovery HTTP/1.1" 200 50
::1 - - [30/Jul/2018:06:26:38 +0000] "GET /apis/devices HTTP/1.1" 200 1838
::1 - - [30/Jul/2018:06:34:37 +0000] "GET /apis/cities HTTP/1.1" 304 -
::1 - - [30/Jul/2018:06:34:39 +0000] "GET /apis/mappings HTTP/1.1" 304 -
::1 - - [30/Jul/2018:06:34:53 +0000] "GET /apis/graphs/d1111?date1=2018-07-22T00:00:00.000Z&date2=2018-07-28T00:00:00.000Z HTTP/1.1" 200 653
::1 - - [30/Jul/2018:06:34:53 +0000] "GET /apis/graphs/d2222?date1=2018-07-22T00:00:00.000Z&date2=2018-07-28T00:00:00.000Z HTTP/1.1" 200 759
::1 - - [30/Jul/2018:06:40:20 +0000] "GET /apis/graphs/d1111?date1=2018-07-22T00:00:00.000Z&date2=2018-07-31T00:00:00.000Z HTTP/1.1" 200 863
::1 - - [30/Jul/2018:06:40:20 +0000] "GET /apis/graphs/d2222?date1=2018-07-22T00:00:00.000Z&date2=2018-07-31T00:00:00.000Z HTTP/1.1" 200 759
::1 - - [30/Jul/2018:06:43:00 +0000] "GET /watson/assistants HTTP/1.1" 304 -
::1 - - [30/Jul/2018:06:43:00 +0000] "GET /apis/cities HTTP/1.1" 304 -
::1 - - [30/Jul/2018:06:44:05 +0000] "GET /apis/mappings HTTP/1.1" 304 -
::1 - - [30/Jul/2018:06:44:18 +0000] "GET /apis/graphs/d1111?date1=2018-07-27T00:00:00.000Z&date2=2018-07-27T00:00:00.000Z HTTP/1.1" 200 16
::1 - - [30/Jul/2018:06:44:18 +0000] "GET /apis/graphs/d2222?date1=2018-07-27T00:00:00.000Z&date2=2018-07-27T00:00:00.000Z HTTP/1.1" 200 16
::1 - - [30/Jul/2018:06:44:29 +0000] "GET /apis/graphs/d1111?date1=2018-07-27T00:00:00.000Z&date2=2018-07-28T00:00:00.000Z HTTP/1.1" 200 653
::1 - - [30/Jul/2018:06:44:29 +0000] "GET /apis/graphs/d2222?date1=2018-07-27T00:00:00.000Z&date2=2018-07-28T00:00:00.000Z HTTP/1.1" 200 759
::1 - - [30/Jul/2018:06:52:19 +0000] "GET /admin-apis/user-connections HTTP/1.1" 304 -
::1 - - [30/Jul/2018:06:52:22 +0000] "GET /admin-apis/connections HTTP/1.1" 304 -
::1 - - [30/Jul/2018:06:52:25 +0000] "GET /admin-apis/ibm-devices HTTP/1.1" 200 400
::1 - - [30/Jul/2018:06:52:26 +0000] "GET /admin-apis/devices HTTP/1.1" 200 1838
::1 - - [30/Jul/2018:06:52:35 +0000] "GET /watson/assistants HTTP/1.1" 304 -
::1 - - [30/Jul/2018:06:52:36 +0000] "GET /admin-apis/connections HTTP/1.1" 304 -
::1 - - [30/Jul/2018:06:52:41 +0000] "GET /admin-apis/user-connections HTTP/1.1" 304 -
::1 - - [30/Jul/2018:06:52:44 +0000] "GET /admin-apis/connections HTTP/1.1" 304 -
::1 - - [30/Jul/2018:06:52:48 +0000] "GET /admin-apis/ibm-devices HTTP/1.1" 304 -
::1 - - [30/Jul/2018:06:52:48 +0000] "GET /admin-apis/devices HTTP/1.1" 304 -
::1 - - [30/Jul/2018:06:53:13 +0000] "GET /watson/assistants HTTP/1.1" 304 -
::1 - - [30/Jul/2018:06:53:14 +0000] "GET /admin-apis/connections HTTP/1.1" 200 732
::1 - - [30/Jul/2018:06:53:19 +0000] "GET /admin-apis/ibm-devices HTTP/1.1" 304 -
::1 - - [30/Jul/2018:06:53:20 +0000] "GET /admin-apis/devices HTTP/1.1" 304 -
::1 - - [30/Jul/2018:06:54:13 +0000] "GET /watson/assistants HTTP/1.1" 304 -
::1 - - [30/Jul/2018:06:54:14 +0000] "GET /admin-apis/connections HTTP/1.1" 304 -
::1 - - [30/Jul/2018:06:54:16 +0000] "GET /admin-apis/ibm-devices HTTP/1.1" 304 -
::1 - - [30/Jul/2018:06:54:17 +0000] "GET /admin-apis/devices HTTP/1.1" 304 -
::1 - - [30/Jul/2018:06:56:30 +0000] "GET /watson/assistants HTTP/1.1" 304 -
::1 - - [30/Jul/2018:06:56:31 +0000] "GET /admin-apis/connections HTTP/1.1" 304 -
::1 - - [30/Jul/2018:06:56:47 +0000] "GET /watson/assistants HTTP/1.1" 304 -
::1 - - [30/Jul/2018:06:56:49 +0000] "GET /admin-apis/connections HTTP/1.1" 304 -
::1 - - [30/Jul/2018:06:58:51 +0000] "GET /watson/assistants HTTP/1.1" 304 -
::1 - - [30/Jul/2018:06:58:52 +0000] "GET /admin-apis/connections HTTP/1.1" 304 -
::1 - - [30/Jul/2018:06:59:20 +0000] "GET /admin-apis/ibm-devices HTTP/1.1" 304 -
::1 - - [30/Jul/2018:06:59:23 +0000] "GET /admin-apis/devices HTTP/1.1" 304 -
::1 - - [30/Jul/2018:07:05:44 +0000] "GET /watson/assistants HTTP/1.1" 304 -
::1 - - [30/Jul/2018:07:05:45 +0000] "GET /admin-apis/connections HTTP/1.1" 304 -
::1 - - [30/Jul/2018:07:05:48 +0000] "GET /admin-apis/ibm-devices HTTP/1.1" 304 -
::1 - - [30/Jul/2018:07:05:49 +0000] "GET /admin-apis/devices HTTP/1.1" 304 -
::1 - - [30/Jul/2018:07:08:56 +0000] "GET /watson/assistants HTTP/1.1" 304 -
::1 - - [30/Jul/2018:07:08:57 +0000] "GET /admin-apis/connections HTTP/1.1" 304 -
::1 - - [30/Jul/2018:07:08:59 +0000] "GET /admin-apis/ibm-devices HTTP/1.1" 304 -
::1 - - [30/Jul/2018:07:09:00 +0000] "GET /admin-apis/connections HTTP/1.1" 304 -
::1 - - [30/Jul/2018:07:10:00 +0000] "GET /watson/assistants HTTP/1.1" 304 -
::1 - - [30/Jul/2018:07:10:01 +0000] "GET /admin-apis/connections HTTP/1.1" 304 -
::1 - - [30/Jul/2018:07:10:03 +0000] "GET /admin-apis/ibm-devices HTTP/1.1" 304 -
::1 - - [30/Jul/2018:07:10:04 +0000] "GET /admin-apis/connections HTTP/1.1" 304 -
::1 - - [30/Jul/2018:07:10:27 +0000] "GET /watson/assistants HTTP/1.1" 304 -
::1 - - [30/Jul/2018:07:10:29 +0000] "GET /admin-apis/connections HTTP/1.1" 304 -
::1 - - [30/Jul/2018:07:10:31 +0000] "GET /admin-apis/ibm-devices HTTP/1.1" 304 -
::1 - - [30/Jul/2018:07:10:32 +0000] "GET /admin-apis/devices HTTP/1.1" 200 2637
::1 - - [30/Jul/2018:07:10:56 +0000] "GET /watson/assistants HTTP/1.1" 304 -
::1 - - [30/Jul/2018:07:10:58 +0000] "GET /admin-apis/connections HTTP/1.1" 304 -
::1 - - [30/Jul/2018:07:11:10 +0000] "GET /admin-apis/ibm-devices HTTP/1.1" 304 -
::1 - - [30/Jul/2018:07:11:10 +0000] "GET /admin-apis/conections HTTP/1.1" 404 34
::1 - - [30/Jul/2018:07:11:22 +0000] "GET /watson/assistants HTTP/1.1" 304 -
::1 - - [30/Jul/2018:07:11:24 +0000] "GET /admin-apis/connections HTTP/1.1" 304 -
::1 - - [30/Jul/2018:07:11:38 +0000] "GET /watson/assistants HTTP/1.1" 304 -
::1 - - [30/Jul/2018:07:11:39 +0000] "GET /admin-apis/connections HTTP/1.1" 304 -
::1 - - [30/Jul/2018:07:11:41 +0000] "GET /admin-apis/ibm-devices HTTP/1.1" 304 -
::1 - - [30/Jul/2018:07:11:42 +0000] "GET /admin-apis/user-connections HTTP/1.1" 304 -
::1 - - [30/Jul/2018:07:11:57 +0000] "GET /watson/assistants HTTP/1.1" 304 -
::1 - - [30/Jul/2018:07:11:58 +0000] "GET /admin-apis/connections HTTP/1.1" 304 -
::1 - - [30/Jul/2018:07:12:01 +0000] "GET /admin-apis/ibm-devices HTTP/1.1" 304 -
::1 - - [30/Jul/2018:07:12:02 +0000] "GET /admin-apis/connections HTTP/1.1" 304 -
::1 - - [30/Jul/2018:07:13:50 +0000] "GET /watson/assistants HTTP/1.1" 304 -
::1 - - [30/Jul/2018:07:13:51 +0000] "GET /admin-apis/connections HTTP/1.1" 304 -
::1 - - [30/Jul/2018:07:13:53 +0000] "GET /admin-apis/ibm-devices HTTP/1.1" 304 -
::1 - - [30/Jul/2018:07:13:53 +0000] "GET /admin-apis/devices HTTP/1.1" 304 -
::1 - - [30/Jul/2018:07:14:47 +0000] "GET /watson/assistants HTTP/1.1" 304 -
::1 - - [30/Jul/2018:07:14:48 +0000] "GET /admin-apis/connections HTTP/1.1" 304 -
::1 - - [30/Jul/2018:07:14:53 +0000] "GET /watson/assistants HTTP/1.1" 304 -
::1 - - [30/Jul/2018:07:14:55 +0000] "GET /admin-apis/connections HTTP/1.1" 304 -
::1 - - [30/Jul/2018:07:14:58 +0000] "GET /admin-apis/ibm-devices HTTP/1.1" 304 -
::1 - - [30/Jul/2018:07:14:58 +0000] "GET /admin-apis/devices HTTP/1.1" 304 -
::1 - - [30/Jul/2018:07:17:00 +0000] "POST /apis/devices HTTP/1.1" 200 20
::1 - - [30/Jul/2018:07:17:00 +0000] "POST /discovery HTTP/1.1" 200 0
::ffff:192.168.31.133 - - [30/Jul/2018:07:17:01 +0000] "POST /discovery HTTP/1.1" 200 50
::1 - - [30/Jul/2018:07:17:12 +0000] "GET /admin-apis/user-connections HTTP/1.1" 304 -
::1 - - [30/Jul/2018:07:17:19 +0000] "GET /admin-apis/connections HTTP/1.1" 304 -
::1 - - [30/Jul/2018:07:17:21 +0000] "GET /admin-apis/ibm-devices HTTP/1.1" 200 495
::1 - - [30/Jul/2018:07:17:22 +0000] "GET /admin-apis/devices HTTP/1.1" 200 2859
::ffff:192.168.31.133 - - [30/Jul/2018:07:18:54 +0000] "POST /discovery HTTP/1.1" - -
::ffff:192.168.31.133 - - [30/Jul/2018:07:19:32 +0000] "POST /discovery HTTP/1.1" 200 50
::1 - - [30/Jul/2018:07:19:38 +0000] "GET /apis/devices HTTP/1.1" 200 1039
::ffff:192.168.31.133 - - [30/Jul/2018:07:19:46 +0000] "POST /discovery HTTP/1.1" 200 50
::ffff:192.168.31.133 - - [30/Jul/2018:07:20:02 +0000] "POST /discovery HTTP/1.1" 200 50
::1 - - [30/Jul/2018:07:20:58 +0000] "POST /apis/devices HTTP/1.1" 200 20
::1 - - [30/Jul/2018:07:20:58 +0000] "POST /discovery HTTP/1.1" 200 0
::ffff:192.168.31.133 - - [30/Jul/2018:07:21:00 +0000] "POST /discovery HTTP/1.1" 200 50
::ffff:192.168.31.133 - - [30/Jul/2018:07:21:12 +0000] "POST /discovery HTTP/1.1" 200 0
::1 - - [30/Jul/2018:07:21:30 +0000] "POST /apis/devices HTTP/1.1" 200 20
::1 - - [30/Jul/2018:07:21:30 +0000] "POST /discovery HTTP/1.1" 200 0
::ffff:192.168.31.133 - - [30/Jul/2018:07:21:33 +0000] "POST /discovery HTTP/1.1" 200 50
::1 - - [30/Jul/2018:07:21:43 +0000] "GET /apis/devices HTTP/1.1" 200 3081
::1 - - [30/Jul/2018:07:21:49 +0000] "DELETE /apis/devices/d5555 HTTP/1.1" 200 16
::1 - - [30/Jul/2018:07:21:50 +0000] "GET /apis/devices HTTP/1.1" 200 2060
::1 - - [30/Jul/2018:07:22:33 +0000] "GET /admin-apis/connections HTTP/1.1" 200 139
::1 - - [30/Jul/2018:07:22:37 +0000] "GET /admin-apis/user-connections HTTP/1.1" 304 -
::1 - - [30/Jul/2018:07:22:42 +0000] "GET /admin-apis/ibm-devices HTTP/1.1" 200 400
::1 - - [30/Jul/2018:07:22:42 +0000] "GET /admin-apis/connected-devices HTTP/1.1" 404 41
::1 - - [30/Jul/2018:07:23:15 +0000] "GET /watson/assistants HTTP/1.1" 304 -
::1 - - [30/Jul/2018:07:23:22 +0000] "GET /admin-apis/user-connections HTTP/1.1" 304 -
::1 - - [30/Jul/2018:07:23:24 +0000] "GET /admin-apis/ibm-devices HTTP/1.1" 304 -
::1 - - [30/Jul/2018:07:23:26 +0000] "GET /admin-apis/devices HTTP/1.1" 200 2060
::1 - - [30/Jul/2018:07:30:47 +0000] "GET /admin-apis/connections HTTP/1.1" 304 -
::1 - - [30/Jul/2018:07:30:50 +0000] "GET /admin-apis/user-connections HTTP/1.1" 304 -
::1 - - [30/Jul/2018:07:30:53 +0000] "GET /admin-apis/ibm-devices HTTP/1.1" 304 -
::1 - - [30/Jul/2018:07:30:54 +0000] "GET /admin-apis/devices HTTP/1.1" 304 -
::1 - - [30/Jul/2018:07:32:09 +0000] "GET /admin-apis/connections HTTP/1.1" 304 -
::1 - - [30/Jul/2018:07:32:10 +0000] "GET /admin-apis/user-connections HTTP/1.1" 304 -
::1 - - [30/Jul/2018:07:32:13 +0000] "GET /admin-apis/ibm-devices HTTP/1.1" 304 -
::1 - - [30/Jul/2018:07:32:14 +0000] "GET /admin-apis/devices HTTP/1.1" 304 -
::1 - - [30/Jul/2018:07:33:38 +0000] "GET /admin-apis/connections HTTP/1.1" 304 -
::1 - - [30/Jul/2018:07:33:40 +0000] "GET /admin-apis/user-connections HTTP/1.1" 304 -
::1 - - [30/Jul/2018:07:33:42 +0000] "GET /admin-apis/ibm-devices HTTP/1.1" 304 -
::1 - - [30/Jul/2018:07:33:43 +0000] "GET /admin-apis/devices HTTP/1.1" 304 -
::1 - - [30/Jul/2018:07:35:37 +0000] "GET /admin-apis/user-connections HTTP/1.1" 304 -
::1 - - [30/Jul/2018:07:35:41 +0000] "GET /admin-apis/ibm-devices HTTP/1.1" 304 -
::1 - - [30/Jul/2018:07:35:42 +0000] "GET /admin-apis/devices HTTP/1.1" 304 -
::1 - - [30/Jul/2018:07:37:50 +0000] "GET /watson/assistants HTTP/1.1" 304 -
::1 - - [30/Jul/2018:07:38:26 +0000] "GET /admin-apis/user-connections HTTP/1.1" 304 -
::1 - - [30/Jul/2018:07:38:29 +0000] "GET /admin-apis/ibm-devices HTTP/1.1" 304 -
::1 - - [30/Jul/2018:07:38:30 +0000] "GET /admin-apis/user-devices HTTP/1.1" 200 139
::1 - - [30/Jul/2018:07:38:46 +0000] "POST /admin-apis/connections HTTP/1.1" 200 103
::1 - - [30/Jul/2018:07:38:51 +0000] "GET /admin-apis/connections HTTP/1.1" 200 470
::1 - - [30/Jul/2018:07:38:54 +0000] "GET /admin-apis/ibm-devices HTTP/1.1" 304 -
::1 - - [30/Jul/2018:07:38:55 +0000] "GET /admin-apis/devices HTTP/1.1" 304 -
::1 - - [30/Jul/2018:07:39:16 +0000] "GET /watson/assistants HTTP/1.1" 304 -
::1 - - [30/Jul/2018:07:39:17 +0000] "GET /admin-apis/connections HTTP/1.1" 304 -
::1 - - [30/Jul/2018:07:39:19 +0000] "GET /admin-apis/ibm-devices HTTP/1.1" 304 -
::1 - - [30/Jul/2018:07:39:20 +0000] "GET /admin-apis/user-devices HTTP/1.1" 200 470
::1 - - [30/Jul/2018:07:39:29 +0000] "PATCH /admin-apis/connections HTTP/1.1" 200 103
::1 - - [30/Jul/2018:07:39:29 +0000] "GET /admin-apis/connections HTTP/1.1" 200 470
::1 - - [30/Jul/2018:09:20:10 +0000] "GET /watson/assistants HTTP/1.1" 304 -
::1 - - [30/Jul/2018:09:20:12 +0000] "GET /apis/cities HTTP/1.1" 304 -
::1 - - [30/Jul/2018:09:20:14 +0000] "GET /apis/mappings HTTP/1.1" 304 -
::1 - - [30/Jul/2018:09:20:26 +0000] "GET /apis/graphs/d2222?date1=2018-07-26T00:00:00.000Z&date2=2018-07-28T00:00:00.000Z HTTP/1.1" 200 759
::1 - - [30/Jul/2018:09:20:27 +0000] "GET /apis/graphs/d1111?date1=2018-07-26T00:00:00.000Z&date2=2018-07-28T00:00:00.000Z HTTP/1.1" 200 653
::1 - - [30/Jul/2018:09:20:40 +0000] "GET /apis/graphs/d1111?date1=2018-07-26T00:00:00.000Z&date2=2018-07-31T00:00:00.000Z HTTP/1.1" 200 12195
::1 - - [30/Jul/2018:09:20:40 +0000] "GET /apis/graphs/d2222?date1=2018-07-26T00:00:00.000Z&date2=2018-07-31T00:00:00.000Z HTTP/1.1" 200 11978
::1 - - [30/Jul/2018:09:20:51 +0000] "GET /apis/graphs/d1111?date1=2018-07-26T00:00:00.000Z&date2=2018-07-30T00:00:00.000Z HTTP/1.1" 200 653
::1 - - [30/Jul/2018:09:20:51 +0000] "GET /apis/graphs/d2222?date1=2018-07-26T00:00:00.000Z&date2=2018-07-30T00:00:00.000Z HTTP/1.1" 200 759
::ffff:192.168.31.133 - - [30/Jul/2018:09:22:09 +0000] "POST /discovery HTTP/1.1" 200 50
::ffff:192.168.31.133 - - [30/Jul/2018:09:22:18 +0000] "POST /discovery HTTP/1.1" 200 50
::ffff:192.168.31.133 - - [30/Jul/2018:09:22:20 +0000] "POST /discovery HTTP/1.1" 200 50
::1 - - [30/Jul/2018:09:23:57 +0000] "GET /apis/graphs/d2222?date1=2018-07-26T00:00:00.000Z&date2=2018-07-30T00:00:00.000Z HTTP/1.1" 200 16
::1 - - [30/Jul/2018:09:23:57 +0000] "GET /apis/graphs/d1111?date1=2018-07-26T00:00:00.000Z&date2=2018-07-30T00:00:00.000Z HTTP/1.1" 200 16
::1 - - [30/Jul/2018:09:24:02 +0000] "GET /apis/graphs/d2222?date1=2018-07-26T00:00:00.000Z&date2=2018-07-30T00:00:00.000Z HTTP/1.1" 304 -
::1 - - [30/Jul/2018:09:24:03 +0000] "GET /apis/graphs/d1111?date1=2018-07-26T00:00:00.000Z&date2=2018-07-30T00:00:00.000Z HTTP/1.1" 304 -
::1 - - [30/Jul/2018:09:24:07 +0000] "GET /apis/graphs/d2222?date1=2018-07-26T00:00:00.000Z&date2=2018-07-31T00:00:00.000Z HTTP/1.1" 200 441
::1 - - [30/Jul/2018:09:24:07 +0000] "GET /apis/graphs/d1111?date1=2018-07-26T00:00:00.000Z&date2=2018-07-31T00:00:00.000Z HTTP/1.1" 200 441
::ffff:192.168.31.133 - - [30/Jul/2018:09:25:02 +0000] "POST /discovery HTTP/1.1" 200 50
::ffff:192.168.31.133 - - [30/Jul/2018:09:25:08 +0000] "POST /discovery HTTP/1.1" 200 50
::1 - - [30/Jul/2018:09:26:34 +0000] "GET /apis/cities HTTP/1.1" 304 -
::1 - - [30/Jul/2018:09:26:41 +0000] "GET /apis/mappings HTTP/1.1" 304 -
::1 - - [30/Jul/2018:09:26:50 +0000] "GET /apis/graphs/d2222?date1=2018-07-28T00:00:00.000Z&date2=2018-07-31T00:00:00.000Z HTTP/1.1" 200 1288
::1 - - [30/Jul/2018:09:26:51 +0000] "GET /apis/graphs/d1111?date1=2018-07-28T00:00:00.000Z&date2=2018-07-31T00:00:00.000Z HTTP/1.1" 200 1394
::1 - - [30/Jul/2018:09:29:12 +0000] "GET /apis/graphs/d1111?date1=2018-07-28T00:00:00.000Z&date2=2018-07-31T00:00:00.000Z HTTP/1.1" 304 -
::1 - - [30/Jul/2018:09:29:12 +0000] "GET /apis/graphs/d2222?date1=2018-07-28T00:00:00.000Z&date2=2018-07-31T00:00:00.000Z HTTP/1.1" 200 1182
::ffff:192.168.31.133 - - [30/Jul/2018:09:31:58 +0000] "POST /discovery HTTP/1.1" 200 50
::ffff:192.168.31.133 - - [30/Jul/2018:09:33:21 +0000] "POST /discovery HTTP/1.1" 200 50
::ffff:192.168.31.133 - - [30/Jul/2018:09:35:08 +0000] "POST /discovery HTTP/1.1" 200 50
::1 - - [30/Jul/2018:09:35:54 +0000] "GET /watson/assistants HTTP/1.1" 304 -
::1 - - [30/Jul/2018:09:35:55 +0000] "GET /apis/cities HTTP/1.1" 304 -
::1 - - [30/Jul/2018:09:35:57 +0000] "GET /apis/mappings HTTP/1.1" 304 -
::1 - - [30/Jul/2018:09:35:59 +0000] "GET /apis/mappings HTTP/1.1" 304 -
::1 - - [30/Jul/2018:09:36:00 +0000] "GET /apis/mappings HTTP/1.1" 304 -
::1 - - [30/Jul/2018:09:36:08 +0000] "GET /apis/graphs/d1111?date1=2018-07-29T00:00:00.000Z&date2=2018-07-31T00:00:00.000Z HTTP/1.1" 200 1920
::1 - - [30/Jul/2018:09:36:08 +0000] "GET /apis/graphs/d2222?date1=2018-07-29T00:00:00.000Z&date2=2018-07-31T00:00:00.000Z HTTP/1.1" 200 1182
::ffff:192.168.31.133 - - [30/Jul/2018:09:37:01 +0000] "POST /discovery HTTP/1.1" 200 50
::ffff:192.168.31.133 - - [30/Jul/2018:09:37:06 +0000] "POST /discovery HTTP/1.1" 200 50
::1 - - [30/Jul/2018:09:37:52 +0000] "GET /apis/graphs/d2222?date1=2018-07-29T00:00:00.000Z&date2=2018-07-31T00:00:00.000Z HTTP/1.1" 200 546
::1 - - [30/Jul/2018:09:37:52 +0000] "GET /apis/graphs/d1111?date1=2018-07-29T00:00:00.000Z&date2=2018-07-31T00:00:00.000Z HTTP/1.1" 200 441
::ffff:192.168.31.133 - - [30/Jul/2018:09:38:10 +0000] "POST /discovery HTTP/1.1" 200 50
::ffff:192.168.31.133 - - [30/Jul/2018:09:38:13 +0000] "POST /discovery HTTP/1.1" 200 50
::1 - - [30/Jul/2018:09:39:21 +0000] "GET /apis/graphs/d2222?date1=2018-07-29T00:00:00.000Z&date2=2018-07-31T00:00:00.000Z HTTP/1.1" 200 966
::1 - - [30/Jul/2018:09:39:21 +0000] "GET /apis/graphs/d1111?date1=2018-07-29T00:00:00.000Z&date2=2018-07-31T00:00:00.000Z HTTP/1.1" 200 864
::1 - - [30/Jul/2018:10:26:14 +0000] "GET /watson/assistants HTTP/1.1" 304 -
::1 - - [30/Jul/2018:10:26:16 +0000] "GET /apis/cities HTTP/1.1" 304 -
::1 - - [30/Jul/2018:10:26:18 +0000] "GET /apis/mappings HTTP/1.1" 304 -
::1 - - [30/Jul/2018:10:26:27 +0000] "GET /apis/graphs/d1111?date1=2018-07-28T00:00:00.000Z&date2=2018-07-31T00:00:00.000Z HTTP/1.1" 200 864
::1 - - [30/Jul/2018:10:26:27 +0000] "GET /apis/graphs/d2222?date1=2018-07-28T00:00:00.000Z&date2=2018-07-31T00:00:00.000Z HTTP/1.1" 200 966
::1 - - [30/Jul/2018:10:37:47 +0000] "GET /apis/cities HTTP/1.1" 304 -
::1 - - [30/Jul/2018:10:37:47 +0000] "GET /watson/assistants HTTP/1.1" 304 -
::1 - - [30/Jul/2018:10:37:54 +0000] "GET /apis/mappings HTTP/1.1" 304 -
::1 - - [30/Jul/2018:10:38:02 +0000] "GET /apis/graphs/d1111?date1=2018-07-21T00:00:00.000Z&date2=2018-07-31T00:00:00.000Z HTTP/1.1" 200 864
::1 - - [30/Jul/2018:10:38:02 +0000] "GET /apis/graphs/d2222?date1=2018-07-21T00:00:00.000Z&date2=2018-07-31T00:00:00.000Z HTTP/1.1" 200 966
info : Token is invalid
::1 - - [30/Jul/2018:10:47:28 +0000] "GET /apis/devices HTTP/1.1" 200 2060
info : Token is invalid
::1 - - [30/Jul/2018:10:57:17 +0000] "GET /apis/devices HTTP/1.1" 304 -
info : Token is invalid
::1 - - [30/Jul/2018:11:02:32 +0000] "GET /apis/devices HTTP/1.1" 304 -
::1 - - [30/Jul/2018:11:10:26 +0000] "GET /apis/devices HTTP/1.1" 304 -
::1 - - [30/Jul/2018:11:10:45 +0000] "GET /admin-apis/connections HTTP/1.1" 200 470
::1 - - [30/Jul/2018:11:26:50 +0000] "GET /apis/devices HTTP/1.1" 304 -
::1 - - [30/Jul/2018:11:33:31 +0000] "GET /apis/devices HTTP/1.1" 200 2060
::1 - - [30/Jul/2018:12:26:18 +0000] "GET /apis/devices HTTP/1.1" 304 -
::1 - - [30/Jul/2018:12:32:05 +0000] "GET /apis/devices HTTP/1.1" 304 -
::1 - - [30/Jul/2018:12:32:56 +0000] "GET /admin-apis/user-connections HTTP/1.1" 200 139
::1 - - [30/Jul/2018:12:33:03 +0000] "GET /admin-apis/connections HTTP/1.1" 200 470
::1 - - [30/Jul/2018:12:35:27 +0000] "GET /apis/devices HTTP/1.1" 304 -
::1 - - [30/Jul/2018:12:36:21 +0000] "GET /admin-apis/connections HTTP/1.1" 304 -
::1 - - [30/Jul/2018:12:38:06 +0000] "GET /apis/devices HTTP/1.1" 304 -
::1 - - [30/Jul/2018:12:41:20 +0000] "GET /admin-apis/user-connections HTTP/1.1" 200 139
::1 - - [30/Jul/2018:12:41:22 +0000] "GET /admin-apis/connections HTTP/1.1" 200 470
::1 - - [30/Jul/2018:12:44:25 +0000] "GET /apis/devices HTTP/1.1" 200 2060
::1 - - [30/Jul/2018:12:45:23 +0000] "GET /admin-apis/connections HTTP/1.1" 304 -
::1 - - [30/Jul/2018:12:46:00 +0000] "GET /apis/devices HTTP/1.1" 304 -
::1 - - [30/Jul/2018:12:47:56 +0000] "GET /admin-apis/user-connections HTTP/1.1" 200 139
::1 - - [30/Jul/2018:12:47:58 +0000] "GET /admin-apis/connections HTTP/1.1" 200 470
::1 - - [30/Jul/2018:12:52:19 +0000] "GET /apis/devices HTTP/1.1" 200 2060
::1 - - [30/Jul/2018:12:56:40 +0000] "GET /admin-apis/user-connections HTTP/1.1" 304 -
::1 - - [30/Jul/2018:12:56:41 +0000] "GET /admin-apis/connections HTTP/1.1" 200 470
::1 - - [30/Jul/2018:12:57:37 +0000] "GET /apis/devices HTTP/1.1" 200 2060
::1 - - [30/Jul/2018:13:22:26 +0000] "GET /apis/devices HTTP/1.1" 304 -
::1 - - [30/Jul/2018:13:23:39 +0000] "GET /admin-apis/connections HTTP/1.1" 304 -
::1 - - [31/Jul/2018:05:02:10 +0000] "GET /apis/devices HTTP/1.1" 200 2060
::1 - - [31/Jul/2018:05:06:27 +0000] "GET /apis/cities HTTP/1.1" 200 1170
::1 - - [31/Jul/2018:05:46:16 +0000] "GET /apis/devices HTTP/1.1" 304 -
::1 - - [31/Jul/2018:06:33:24 +0000] "GET /apis/devices HTTP/1.1" 304 -
::1 - - [31/Jul/2018:06:33:28 +0000] "GET /admin-apis/connections HTTP/1.1" 200 470
::1 - - [31/Jul/2018:06:49:35 +0000] "GET /admin-apis/connections HTTP/1.1" 200 470
::1 - - [31/Jul/2018:06:49:53 +0000] "GET /admin-apis/connections HTTP/1.1" 304 -
::1 - - [31/Jul/2018:06:50:39 +0000] "GET /admin-apis/connections HTTP/1.1" 304 -
::1 - - [31/Jul/2018:06:51:59 +0000] "GET /admin-apis/connections HTTP/1.1" 304 -
::1 - - [31/Jul/2018:06:52:12 +0000] "GET /apis/devices HTTP/1.1" 304 -
::1 - - [31/Jul/2018:06:53:05 +0000] "GET /apis/devices HTTP/1.1" 304 -
::1 - - [31/Jul/2018:06:53:24 +0000] "GET /apis/devices HTTP/1.1" 304 -
::1 - - [31/Jul/2018:06:53:29 +0000] "GET /apis/devices HTTP/1.1" 304 -
info : 2018-08-01T04:57:57.515Z,GET /watson/assistants, 200, Ok
info : 2018-08-01T04:58:02.662Z,GET /admin-apis/connections, 200, Ok
info : 2018-08-01T05:27:09.010Z,GET /watson/assistants, 200, Ok
info : 2018-08-01T05:27:14.459Z,GET /apis/devices, 200, Ok
info : 2018-08-01T05:27:39.744Z,GET /apis/devices, 200, Ok
info : 2018-08-01T05:28:36.791Z,GET /watson/assistants, 200, Ok
info : 2018-08-01T05:28:36.868Z,GET /apis/devices, 200, Ok
info : 2018-08-01T05:30:17.108Z,GET /watson/assistants, 200, Ok
info : 2018-08-01T05:30:17.181Z,GET /apis/devices, 200, Ok
info : 2018-08-01T05:31:06.508Z,GET /watson/assistants, 200, Ok
info : 2018-08-01T05:31:06.577Z,GET /apis/devices, 200, Ok
info : 2018-08-01T05:43:59.870Z,GET /watson/assistants, 200, Ok
info : 2018-08-01T05:43:59.973Z,GET /apis/devices, 200, Ok
info : 2018-08-01T05:44:16.332Z,GET /apis/devices, 200, Ok
info : 2018-08-01T05:46:09.058Z,GET /watson/assistants, 200, Ok
info : 2018-08-01T05:46:09.650Z,GET /apis/devices, 200, Ok
info : 2018-08-01T05:48:05.688Z,GET /watson/assistants, 200, Ok
info : 2018-08-01T05:48:06.204Z,GET /apis/devices, 200, Ok
info : 2018-08-01T06:04:22.373Z,GET /watson/assistants, 200, Ok
info : 2018-08-01T06:04:22.924Z,GET /apis/devices, 200, Ok
info : 2018-08-01T06:04:39.505Z,GET /apis/devices, 200, Ok
info : 2018-08-01T06:15:38.821Z,GET /watson/assistants, 200, Ok
info : 2018-08-01T06:15:39.443Z,GET /apis/devices, 200, Ok
info : 2018-08-01T06:15:59.180Z,GET /apis/devices, 200, Ok
info : 2018-08-01T06:16:40.541Z,GET /watson/assistants, 200, Ok
info : 2018-08-01T06:16:41.124Z,GET /apis/devices, 200, Ok
info : 2018-08-01T06:16:44.169Z,GET /watson/assistants, 200, Ok
info : 2018-08-01T06:16:44.704Z,GET /apis/devices, 200, Ok
info : 2018-08-01T06:30:02.871Z,GET /apis/cities, 200, Ok
info : 2018-08-01T06:30:24.932Z,GET /apis/cities, 200, Ok
info : 2018-08-01T06:30:27.251Z,GET /apis/mappings, 200, Ok
info : 2018-08-01T06:30:42.963Z,GET /apis/graphs/d1111?date1=2018-08-23T00:00:00.000Z&date2=2018-08-31T00:00:00.000Z, 200, Ok
info : 2018-08-01T06:30:42.971Z,GET /apis/graphs/d2222?date1=2018-08-23T00:00:00.000Z&date2=2018-08-31T00:00:00.000Z, 200, Ok
info : 2018-08-01T06:31:34.297Z,GET /apis/graphs/d1111?date1=2018-08-23T00:00:00.000Z&date2=2018-09-01T00:00:00.000Z, 200, Ok
info : 2018-08-01T06:31:34.302Z,GET /apis/graphs/d2222?date1=2018-08-23T00:00:00.000Z&date2=2018-09-01T00:00:00.000Z, 200, Ok
info : 2018-08-01T06:31:40.371Z,GET /apis/graphs/d1111?date1=2018-08-23T00:00:00.000Z&date2=2018-09-02T00:00:00.000Z, 200, Ok
info : 2018-08-01T06:31:40.375Z,GET /apis/graphs/d2222?date1=2018-08-23T00:00:00.000Z&date2=2018-09-02T00:00:00.000Z, 200, Ok
info : 2018-08-01T06:31:57.696Z,GET /apis/graphs/d1111?date1=2018-07-30T00:00:00.000Z&date2=2018-08-02T00:00:00.000Z, 200, Ok
info : 2018-08-01T06:31:57.704Z,GET /apis/graphs/d2222?date1=2018-07-30T00:00:00.000Z&date2=2018-08-02T00:00:00.000Z, 200, Ok
info : 2018-08-01T06:32:10.136Z,GET /apis/graphs/d1111?date1=2018-07-30T00:00:00.000Z&date2=2018-08-31T00:00:00.000Z, 200, Ok
info : 2018-08-01T06:32:10.143Z,GET /apis/graphs/d2222?date1=2018-07-30T00:00:00.000Z&date2=2018-08-31T00:00:00.000Z, 200, Ok
info : 2018-08-01T06:32:25.856Z,GET /apis/graphs/d1111?date1=2018-07-30T00:00:00.000Z&date2=2018-07-31T00:00:00.000Z, 200, Ok
info : 2018-08-01T06:32:25.864Z,GET /apis/graphs/d2222?date1=2018-07-30T00:00:00.000Z&date2=2018-07-31T00:00:00.000Z, 200, Ok
info : 2018-08-01T06:32:59.652Z,GET /apis/graphs/d1111?date1=2018-07-30T00:00:00.000Z&date2=2018-07-31T00:00:00.000Z, 200, Ok
info : 2018-08-01T06:32:59.683Z,GET /apis/graphs/d2222?date1=2018-07-30T00:00:00.000Z&date2=2018-07-31T00:00:00.000Z, 200, Ok
info : 2018-08-01T06:34:18.036Z,GET /apis/graphs/d1111?date1=2018-07-30T00:00:00.000Z&date2=2018-07-31T00:00:00.000Z, 200, Ok
info : 2018-08-01T06:34:18.044Z,GET /apis/graphs/d2222?date1=2018-07-30T00:00:00.000Z&date2=2018-07-31T00:00:00.000Z, 200, Ok
info : 2018-08-01T06:37:55.147Z,GET /watson/assistants, 200, Ok
info : 2018-08-01T06:37:55.787Z,GET /apis/cities, 200, Ok
info : 2018-08-01T06:38:02.790Z,GET /watson/assistants, 200, Ok
info : 2018-08-01T06:38:06.355Z,GET /watson/assistants, 200, Ok
info : 2018-08-01T06:38:22.521Z,GET /apis/cities, 200, Ok
info : 2018-08-01T06:38:23.937Z,GET /apis/mappings, 200, Ok
info : 2018-08-01T06:38:32.721Z,GET /apis/graphs/d1111?date1=2018-08-29T00:00:00.000Z&date2=2018-08-31T18:29:59.999Z, 200, Ok
info : 2018-08-01T06:38:32.727Z,GET /apis/graphs/d2222?date1=2018-08-29T00:00:00.000Z&date2=2018-08-31T18:29:59.999Z, 200, Ok
info : 2018-08-01T06:38:46.435Z,GET /apis/graphs/d1111?date1=2018-07-30T00:00:00.000Z&date2=2018-07-31T18:29:59.999Z, 200, Ok
info : 2018-08-01T06:38:46.439Z,GET /apis/graphs/d2222?date1=2018-07-30T00:00:00.000Z&date2=2018-07-31T18:29:59.999Z, 200, Ok
info : 2018-08-01T06:52:49.081Z,GET /apis/devices, 200, Ok
info : 2018-08-01T06:53:04.997Z,GET /apis/devices, 200, Ok
info : 2018-08-01T06:53:58.661Z,GET /watson/assistants, 200, Ok
info : 2018-08-01T06:53:59.249Z,GET /apis/devices, 200, Ok
info : 2018-08-01T06:55:54.834Z,GET /watson/assistants, 200, Ok
info : 2018-08-01T06:55:55.394Z,GET /apis/devices, 200, Ok
info : 2018-08-01T06:56:21.578Z,GET /watson/assistants, 200, Ok
info : 2018-08-01T06:56:22.171Z,GET /apis/devices, 200, Ok
info : 2018-08-01T06:57:26.812Z,GET /watson/assistants, 200, Ok
info : 2018-08-01T06:57:27.332Z,GET /apis/devices, 200, Ok
info : 2018-08-01T06:57:55.797Z,GET /watson/assistants, 200, Ok
info : 2018-08-01T06:57:56.320Z,GET /apis/devices, 200, Ok
info : 2018-08-01T06:58:16.750Z,GET /watson/assistants, 200, Ok
info : 2018-08-01T06:58:17.304Z,GET /apis/devices, 200, Ok
info : 2018-08-01T06:58:34.655Z,GET /apis/devices, 200, Ok
info : 2018-08-01T06:59:20.449Z,GET /apis/devices, 200, Ok
info : 2018-08-01T06:59:54.440Z,GET /watson/assistants, 200, Ok
info : 2018-08-01T06:59:55.046Z,GET /apis/devices, 200, Ok
info : 2018-08-01T07:02:47.186Z,GET /watson/assistants, 200, Ok
info : 2018-08-01T07:02:47.680Z,GET /apis/devices, 200, Ok
info : 2018-08-01T07:03:59.875Z,GET /watson/assistants, 200, Ok
info : 2018-08-01T07:04:00.414Z,GET /apis/devices, 200, Ok
info : 2018-08-01T07:04:33.934Z,GET /apis/devices, 200, Ok
info : 2018-08-01T07:05:19.983Z,GET /watson/assistants, 200, Ok
info : 2018-08-01T07:05:20.545Z,GET /apis/devices, 200, Ok
info : 2018-08-01T07:05:23.600Z,GET /watson/assistants, 200, Ok
info : 2018-08-01T07:05:24.038Z,GET /apis/devices, 200, Ok
info : 2018-08-01T07:06:14.286Z,GET /watson/assistants, 200, Ok
info : 2018-08-01T07:06:14.924Z,GET /apis/devices, 200, Ok
info : 2018-08-01T07:07:01.748Z,GET /watson/assistants, 200, Ok
info : 2018-08-01T07:07:02.294Z,GET /apis/devices, 200, Ok
info : 2018-08-01T07:07:41.145Z,GET /watson/assistants, 200, Ok
info : 2018-08-01T07:07:41.666Z,GET /apis/devices, 200, Ok
info : 2018-08-01T07:08:32.740Z,GET /watson/assistants, 200, Ok
info : 2018-08-01T07:08:33.345Z,GET /apis/devices, 200, Ok
info : 2018-08-01T07:09:18.863Z,GET /watson/assistants, 200, Ok
info : 2018-08-01T07:09:19.444Z,GET /apis/devices, 200, Ok
info : 2018-08-01T07:10:35.460Z,GET /watson/assistants, 200, Ok
info : 2018-08-01T07:10:35.993Z,GET /apis/devices, 200, Ok
info : 2018-08-01T07:10:51.641Z,GET /apis/devices, 200, Ok
info : 2018-08-01T07:14:23.464Z,GET /watson/assistants, 200, Ok
info : 2018-08-01T07:14:24.050Z,GET /apis/devices, 200, Ok
info : 2018-08-01T07:15:45.245Z,GET /watson/assistants, 200, Ok
info : 2018-08-01T07:15:45.828Z,GET /apis/devices, 200, Ok
info : 2018-08-01T07:16:19.952Z,GET /watson/assistants, 200, Ok
info : 2018-08-01T07:16:20.457Z,GET /apis/devices, 200, Ok
info : 2018-08-01T07:16:40.654Z,GET /apis/devices, 200, Ok
info : 2018-08-01T07:17:07.488Z,GET /watson/assistants, 200, Ok
info : 2018-08-01T07:17:08.053Z,GET /apis/devices, 200, Ok
info : 2018-08-01T07:17:38.227Z,GET /watson/assistants, 200, Ok
info : 2018-08-01T07:17:38.790Z,GET /apis/devices, 200, Ok
info : 2018-08-01T07:18:13.733Z,GET /watson/assistants, 200, Ok
info : 2018-08-01T07:18:14.336Z,GET /apis/devices, 200, Ok
info : 2018-08-01T07:19:22.338Z,GET /watson/assistants, 200, Ok
info : 2018-08-01T07:19:22.844Z,GET /apis/devices, 200, Ok
info : 2018-08-01T07:19:51.034Z,GET /watson/assistants, 200, Ok
info : 2018-08-01T07:19:51.618Z,GET /apis/devices, 200, Ok
info : 2018-08-01T07:24:35.370Z,GET /watson/assistants, 200, Ok
info : 2018-08-01T07:24:35.961Z,GET /apis/devices, 200, Ok
info : 2018-08-01T07:24:41.566Z,GET /watson/assistants, 200, Ok
info : 2018-08-01T07:25:01.503Z,GET /apis/devices, 200, Ok
info : 2018-08-01T07:25:45.806Z,GET /watson/assistants, 200, Ok
info : 2018-08-01T07:25:46.314Z,GET /apis/devices, 200, Ok
info : 2018-08-01T07:26:55.303Z,GET /watson/assistants, 200, Ok
info : 2018-08-01T07:26:55.881Z,GET /apis/devices, 200, Ok
info : 2018-08-01T07:27:13.660Z,GET /watson/assistants, 200, Ok
info : 2018-08-01T07:27:14.143Z,GET /apis/devices, 200, Ok
info : 2018-08-01T07:27:47.003Z,GET /watson/assistants, 200, Ok
info : 2018-08-01T07:27:47.558Z,GET /apis/devices, 200, Ok
info : 2018-08-01T07:28:45.856Z,GET /watson/assistants, 200, Ok
info : 2018-08-01T07:28:46.420Z,GET /apis/devices, 200, Ok
info : 2018-08-01T07:29:16.612Z,GET /watson/assistants, 200, Ok
info : 2018-08-01T07:29:17.184Z,GET /apis/devices, 200, Ok
info : 2018-08-01T07:31:11.871Z,GET /watson/assistants, 200, Ok
info : 2018-08-01T07:31:12.364Z,GET /apis/devices, 200, Ok
info : 2018-08-01T07:31:17.765Z,GET /watson/assistants, 200, Ok
info : 2018-08-01T07:31:33.572Z,GET /apis/devices, 200, Ok
info : 2018-08-01T07:32:10.300Z,GET /watson/assistants, 200, Ok
info : 2018-08-01T07:32:10.868Z,GET /apis/devices, 200, Ok
info : 2018-08-01T07:32:39.948Z,GET /watson/assistants, 200, Ok
info : 2018-08-01T07:32:40.477Z,GET /apis/devices, 200, Ok
info : 2018-08-01T07:35:20.420Z,GET /watson/assistants, 200, Ok
info : 2018-08-01T07:35:20.980Z,GET /apis/devices, 200, Ok
info : 2018-08-01T07:35:56.236Z,GET /watson/assistants, 200, Ok
info : 2018-08-01T07:35:56.789Z,GET /apis/devices, 200, Ok
info : 2018-08-01T07:37:03.141Z,GET /watson/assistants, 200, Ok
info : 2018-08-01T07:37:03.665Z,GET /apis/devices, 200, Ok
info : 2018-08-01T07:37:18.781Z,GET /apis/devices, 200, Ok
info : 2018-08-01T07:37:48.084Z,GET /watson/assistants, 200, Ok
info : 2018-08-01T07:37:48.717Z,GET /apis/devices, 200, Ok
info : 2018-08-01T07:38:09.650Z,GET /watson/assistants, 200, Ok
info : 2018-08-01T07:38:10.188Z,GET /apis/devices, 200, Ok
info : 2018-08-01T07:38:44.310Z,GET /watson/assistants, 200, Ok
info : 2018-08-01T07:38:44.888Z,GET /apis/devices, 200, Ok
info : 2018-08-01T07:39:08.023Z,GET /watson/assistants, 200, Ok
info : 2018-08-01T07:39:08.558Z,GET /apis/devices, 200, Ok
info : 2018-08-01T07:39:50.746Z,GET /watson/assistants, 200, Ok
info : 2018-08-01T07:39:51.363Z,GET /apis/devices, 200, Ok
info : 2018-08-01T07:40:08.321Z,GET /watson/assistants, 200, Ok
info : 2018-08-01T07:40:08.934Z,GET /apis/devices, 200, Ok
info : 2018-08-01T07:41:10.252Z,GET /watson/assistants, 200, Ok
info : 2018-08-01T07:41:10.828Z,GET /apis/devices, 200, Ok
info : 2018-08-01T07:41:42.637Z,GET /watson/assistants, 200, Ok
info : 2018-08-01T07:41:43.202Z,GET /apis/devices, 200, Ok
info : 2018-08-01T08:27:03.662Z,GET /watson/assistants, 200, Ok
info : 2018-08-01T08:27:05.730Z,GET /apis/devices, 200, Ok
info : 2018-08-01T08:27:36.921Z,GET /apis/devices, 200, Ok
info : 2018-08-01T08:28:25.028Z,GET /watson/assistants, 200, Ok
info : 2018-08-01T08:28:25.571Z,GET /apis/devices, 200, Ok
info : 2018-08-01T08:28:59.540Z,GET /watson/assistants, 200, Ok
info : 2018-08-01T08:29:00.113Z,GET /apis/devices, 200, Ok
info : 2018-08-01T08:29:28.343Z,GET /watson/assistants, 200, Ok
info : 2018-08-01T08:29:28.921Z,GET /apis/devices, 200, Ok
info : 2018-08-01T08:29:50.140Z,GET /watson/assistants, 200, Ok
info : 2018-08-01T08:29:50.638Z,GET /apis/devices, 200, Ok
info : 2018-08-01T08:47:13.214Z,GET /watson/assistants, 200, Ok
info : 2018-08-01T08:47:13.782Z,GET /apis/devices, 200, Ok
info : 2018-08-01T08:47:59.846Z,GET /apis/devices, 200, Ok
info : 2018-08-01T08:48:33.751Z,GET /watson/assistants, 200, Ok
info : 2018-08-01T08:48:34.325Z,GET /apis/devices, 200, Ok
info : 2018-08-01T08:51:18.161Z,GET /watson/assistants, 200, Ok
info : 2018-08-01T08:51:18.740Z,GET /apis/devices, 200, Ok
info : 2018-08-01T08:51:38.650Z,GET /watson/assistants, 200, Ok
info : 2018-08-01T08:51:39.253Z,GET /apis/devices, 200, Ok
info : 2018-08-01T08:51:43.808Z,GET /apis/auth-tokens/d1111, 200, Ok
info : 2018-08-01T08:52:43.797Z,GET /watson/assistants, 200, Ok
info : 2018-08-01T08:52:44.554Z,GET /apis/devices, 200, Ok
info : 2018-08-01T08:52:54.841Z,GET /apis/auth-tokens/d1111, 200, Ok
info : 2018-08-01T08:53:11.698Z,GET /watson/assistants, 200, Ok
info : 2018-08-01T08:53:12.257Z,GET /apis/devices, 200, Ok
info : 2018-08-01T08:53:18.839Z,GET /watson/assistants, 200, Ok
info : 2018-08-01T08:53:56.025Z,GET /apis/devices, 200, Ok
info : 2018-08-01T08:53:57.718Z,GET /apis/auth-tokens/d1111, 200, Ok
info : 2018-08-01T08:55:08.058Z,GET /watson/assistants, 200, Ok
info : 2018-08-01T08:55:08.597Z,GET /apis/devices, 200, Ok
info : 2018-08-01T08:55:11.015Z,GET /apis/auth-tokens/d1111, 200, Ok
info : 2018-08-01T08:55:17.624Z,GET /apis/auth-tokens/d2222, 200, Ok
info : 2018-08-01T08:55:37.742Z,GET /watson/assistants, 200, Ok
info : 2018-08-01T08:55:38.266Z,GET /apis/devices, 200, Ok
info : 2018-08-01T08:55:49.211Z,GET /watson/assistants, 200, Ok
info : 2018-08-01T08:55:49.808Z,GET /apis/devices, 200, Ok
info : 2018-08-01T08:59:46.174Z,GET /watson/assistants, 200, Ok
info : 2018-08-01T08:59:46.665Z,GET /apis/devices, 200, Ok
info : 2018-08-01T09:00:05.672Z,GET /apis/devices, 200, Ok
info : 2018-08-01T09:00:12.541Z,DELETE /apis/devices/d2222, 200, Ok
info : 2018-08-01T09:00:13.666Z,GET /apis/devices, 200, Ok
info : 2018-08-01T09:05:45.870Z,GET /watson/assistants, 200, Ok
info : 2018-08-01T09:05:46.369Z,GET /apis/devices, 200, Ok
info : 2018-08-01T09:06:12.991Z,GET /apis/devices, 200, Ok
info : 2018-08-01T09:06:15.513Z,GET /apis/auth-tokens/d1111, 200, Ok
info : 2018-08-01T09:13:42.653Z,GET /apis/cities, 200, Ok
info : 2018-08-01T09:14:01.255Z,GET /apis/cities, 200, Ok
info : 2018-08-01T09:14:03.533Z,GET /apis/mappings, 200, Ok
info : 2018-08-01T09:14:16.211Z,GET /apis/graphs/d1111?date1=2018-07-28T00:00:00.000Z&date2=2018-08-31T18:29:59.999Z, 200, Ok
info : 2018-08-01T09:14:16.220Z,GET /apis/graphs/d2222?date1=2018-07-28T00:00:00.000Z&date2=2018-08-31T18:29:59.999Z, 200, Ok
info : 2018-08-01T09:14:27.043Z,GET /apis/graphs/d1111?date1=2018-07-28T00:00:00.000Z&date2=2018-07-31T18:29:59.999Z, 200, Ok
info : 2018-08-01T09:14:27.050Z,GET /apis/graphs/d2222?date1=2018-07-28T00:00:00.000Z&date2=2018-07-31T18:29:59.999Z, 200, Ok
info : 2018-08-01T09:14:28.736Z,GET /apis/graphs/d1111?date1=2018-07-28T00:00:00.000Z&date2=2018-07-31T18:29:59.999Z, 200, Ok
info : 2018-08-01T09:14:28.742Z,GET /apis/graphs/d2222?date1=2018-07-28T00:00:00.000Z&date2=2018-07-31T18:29:59.999Z, 200, Ok
info : 2018-08-01T09:16:17.171Z,GET /apis/graphs/d1111?date1=2018-07-28T00:00:00.000Z&date2=2018-07-31T18:29:59.999Z, 200, Ok
info : 2018-08-01T09:16:17.187Z,GET /apis/graphs/d2222?date1=2018-07-28T00:00:00.000Z&date2=2018-07-31T18:29:59.999Z, 200, Ok
info : 2018-08-01T09:16:18.653Z,GET /apis/graphs/d1111?date1=2018-07-28T00:00:00.000Z&date2=2018-07-31T18:29:59.999Z, 200, Ok
info : 2018-08-01T09:16:18.662Z,GET /apis/graphs/d2222?date1=2018-07-28T00:00:00.000Z&date2=2018-07-31T18:29:59.999Z, 200, Ok
info : 2018-08-01T09:17:32.207Z,GET /watson/assistants, 200, Ok
info : 2018-08-01T09:17:32.852Z,GET /apis/cities, 200, Ok
info : 2018-08-01T09:17:34.887Z,GET /apis/mappings, 200, Ok
info : 2018-08-01T09:17:47.088Z,GET /apis/graphs/d1111?date1=2018-07-26T00:00:00.000Z&date2=2018-07-31T18:29:59.999Z, 200, Ok
info : 2018-08-01T09:17:47.097Z,GET /apis/graphs/d2222?date1=2018-07-26T00:00:00.000Z&date2=2018-07-31T18:29:59.999Z, 200, Ok
info : 2018-08-01T09:18:29.033Z,GET /apis/graphs/d1111?date1=2018-07-26T00:00:00.000Z&date2=2018-07-31T18:29:59.999Z, 200, Ok
info : 2018-08-01T09:18:29.044Z,GET /apis/graphs/d2222?date1=2018-07-26T00:00:00.000Z&date2=2018-07-31T18:29:59.999Z, 200, Ok
info : 2018-08-01T09:18:34.059Z,GET /apis/graphs/d1111?date1=2018-07-26T00:00:00.000Z&date2=2018-07-31T18:29:59.999Z, 200, Ok
info : 2018-08-01T09:18:34.066Z,GET /apis/graphs/d2222?date1=2018-07-26T00:00:00.000Z&date2=2018-07-31T18:29:59.999Z, 200, Ok
info : 2018-08-01T09:18:36.532Z,GET /apis/graphs/d1111?date1=2018-07-26T00:00:00.000Z&date2=2018-07-31T18:29:59.999Z, 200, Ok
info : 2018-08-01T09:18:36.542Z,GET /apis/graphs/d2222?date1=2018-07-26T00:00:00.000Z&date2=2018-07-31T18:29:59.999Z, 200, Ok
info : 2018-08-01T09:19:25.368Z,GET /apis/graphs/d1111?date1=2018-07-26T00:00:00.000Z&date2=2018-07-31T18:29:59.999Z, 200, Ok
info : 2018-08-01T09:19:25.373Z,GET /apis/graphs/d2222?date1=2018-07-26T00:00:00.000Z&date2=2018-07-31T18:29:59.999Z, 200, Ok
info : 2018-08-01T09:19:31.951Z,GET /watson/assistants, 200, Ok
info : 2018-08-01T09:19:51.856Z,GET /apis/cities, 200, Ok
info : 2018-08-01T09:19:53.765Z,GET /apis/mappings, 200, Ok
info : 2018-08-01T09:20:05.791Z,GET /apis/graphs/d1111?date1=2018-07-27T00:00:00.000Z&date2=2018-07-31T18:29:59.999Z, 200, Ok
info : 2018-08-01T09:20:05.798Z,GET /apis/graphs/d2222?date1=2018-07-27T00:00:00.000Z&date2=2018-07-31T18:29:59.999Z, 200, Ok
info : 2018-08-01T09:20:29.758Z,GET /watson/assistants, 200, Ok
info : 2018-08-01T09:20:30.314Z,GET /apis/cities, 200, Ok
info : 2018-08-01T09:21:29.124Z,GET /watson/assistants, 200, Ok
info : 2018-08-01T09:21:29.786Z,GET /apis/cities, 200, Ok
info : 2018-08-01T09:21:31.455Z,GET /apis/mappings, 200, Ok
info : 2018-08-01T09:21:43.421Z,GET /apis/graphs/d1111?date1=2018-07-27T00:00:00.000Z&date2=2018-07-31T18:29:59.999Z, 200, Ok
info : 2018-08-01T09:21:43.430Z,GET /apis/graphs/d2222?date1=2018-07-27T00:00:00.000Z&date2=2018-07-31T18:29:59.999Z, 200, Ok
info : 2018-08-01T09:22:06.547Z,GET /apis/graphs/d1111?date1=2018-07-27T00:00:00.000Z&date2=2018-07-31T18:29:59.999Z, 200, Ok
info : 2018-08-01T09:22:06.552Z,GET /apis/graphs/d2222?date1=2018-07-27T00:00:00.000Z&date2=2018-07-31T18:29:59.999Z, 200, Ok
info : 2018-08-01T09:22:09.707Z,GET /apis/graphs/d1111?date1=2018-07-27T00:00:00.000Z&date2=2018-07-31T18:29:59.999Z, 200, Ok
info : 2018-08-01T09:22:09.712Z,GET /apis/graphs/d2222?date1=2018-07-27T00:00:00.000Z&date2=2018-07-31T18:29:59.999Z, 200, Ok
info : 2018-08-01T09:22:50.912Z,GET /apis/graphs/d1111?date1=2018-07-27T00:00:00.000Z&date2=2018-07-31T18:29:59.999Z, 200, Ok
info : 2018-08-01T09:22:50.926Z,GET /apis/graphs/d2222?date1=2018-07-27T00:00:00.000Z&date2=2018-07-31T18:29:59.999Z, 200, Ok
info : 2018-08-01T09:23:26.896Z,GET /apis/graphs/d1111?date1=2018-07-27T00:00:00.000Z&date2=2018-07-31T18:29:59.999Z, 200, Ok
info : 2018-08-01T09:23:26.919Z,GET /apis/graphs/d2222?date1=2018-07-27T00:00:00.000Z&date2=2018-07-31T18:29:59.999Z, 200, Ok
info : 2018-08-01T09:56:55.161Z,GET /watson/assistants, 200, Ok
info : 2018-08-01T09:56:57.994Z,GET /admin-apis/user-connections, 200, Ok
info : 2018-08-01T09:58:20.269Z,GET /admin-apis/connections, 200, Ok
info : 2018-08-01T09:58:23.385Z,GET /admin-apis/ibm-devices, 200, Ok
info : 2018-08-01T09:58:24.614Z,GET /admin-apis/user-devices, 200, Ok
info : 2018-08-01T09:59:02.472Z,PATCH /admin-apis/connections, 200, Ok
info : 2018-08-01T10:04:03.604Z,POST /apis/devices, 200, Ok
info : 2018-08-01T10:04:40.553Z,POST /apis/devices, 200, Ok
info : 2018-08-01T10:04:51.244Z,GET /admin-apis/connections, 200, Ok
info : 2018-08-01T10:04:58.047Z,GET /admin-apis/ibm-devices, 200, Ok
info : 2018-08-01T10:04:58.909Z,GET /admin-apis/user-devices, 200, Ok
info : 2018-08-01T10:05:03.921Z,PATCH /admin-apis/connections, 200, Ok
info : 2018-08-01T10:05:08.232Z,GET /admin-apis/connections, 200, Ok
info : 2018-08-01T10:07:15.960Z,GET /socket.io/?EIO=3&transport=polling&t=MJqzBVd, 200, Ok
info : 2018-08-01T10:07:21.402Z,GET /admin-apis/user-connections, 200, Ok
info : 2018-08-01T10:07:23.087Z,GET /apis/cities, 200, Ok
info : 2018-08-01T10:07:25.519Z,GET /apis/devices, 200, Ok
info : 2018-08-01T10:10:46.492Z,GET /socket.io/?EIO=3&transport=polling&t=MJqz-vF, 200, Ok
info : 2018-08-01T10:11:11.495Z,GET /socket.io/?EIO=3&transport=polling&t=MJq-4_w, 200, Ok
info : 2018-08-01T10:11:36.491Z,GET /socket.io/?EIO=3&transport=polling&t=MJq-B6c, 200, Ok
info : 2018-08-01T10:12:01.493Z,GET /socket.io/?EIO=3&transport=polling&t=MJq-HDG, 200, Ok
info : 2018-08-01T10:12:26.495Z,GET /socket.io/?EIO=3&transport=polling&t=MJq-NJx, 200, Ok
info : 2018-08-01T10:12:51.499Z,GET /socket.io/?EIO=3&transport=polling&t=MJq-TQc, 200, Ok
info : 2018-08-01T10:14:20.486Z,GET /apis/cities, 200, Ok
info : 2018-08-01T10:14:22.139Z,GET /apis/mappings, 200, Ok
info : 2018-08-01T10:14:32.578Z,GET /apis/graphs/d1111?date1=2018-07-27T00:00:00.000Z&date2=2018-09-01T18:29:59.999Z, 200, Ok
info : 2018-08-01T10:14:32.588Z,GET /apis/graphs/d2222?date1=2018-07-27T00:00:00.000Z&date2=2018-09-01T18:29:59.999Z, 200, Ok
info : 2018-08-01T10:14:44.482Z,GET /apis/graphs/d1111?date1=2018-07-27T00:00:00.000Z&date2=2018-08-01T18:29:59.999Z, 200, Ok
info : 2018-08-01T10:14:44.489Z,GET /apis/graphs/d2222?date1=2018-07-27T00:00:00.000Z&date2=2018-08-01T18:29:59.999Z, 200, Ok
info : 2018-08-01T10:17:15.429Z,GET /apis/graphs/d1111?date1=2018-07-27T00:00:00.000Z&date2=2018-08-01T18:29:59.999Z, 200, Ok
info : 2018-08-01T10:17:15.437Z,GET /apis/graphs/d2222?date1=2018-07-27T00:00:00.000Z&date2=2018-08-01T18:29:59.999Z, 200, Ok
info : 2018-08-01T10:18:13.443Z,GET /watson/assistants, 200, Ok
info : 2018-08-01T10:18:14.148Z,GET /apis/cities, 200, Ok
info : 2018-08-01T10:19:32.910Z,GET /watson/assistants, 200, Ok
info : 2018-08-01T10:19:33.550Z,GET /apis/cities, 200, Ok
info : 2018-08-01T10:20:43.756Z,GET /apis/cities, 200, Ok
info : 2018-08-01T10:20:45.589Z,GET /apis/mappings, 200, Ok
info : 2018-08-01T10:21:05.523Z,GET /apis/graphs/d1111?date1=2018-07-28T00:00:00.000Z&date2=2018-08-01T18:29:59.999Z, 200, Ok
info : 2018-08-01T10:21:05.533Z,GET /apis/graphs/d2222?date1=2018-07-28T00:00:00.000Z&date2=2018-08-01T18:29:59.999Z, 200, Ok
info : 2018-08-01T10:21:54.986Z,GET /apis/graphs/d2222?date1=2018-07-28T00:00:00.000Z&date2=2018-08-01T18:29:59.999Z, 200, Ok
info : 2018-08-01T10:21:54.995Z,GET /apis/graphs/d1111?date1=2018-07-28T00:00:00.000Z&date2=2018-08-01T18:29:59.999Z, 200, Ok
info : 2018-08-01T10:23:24.503Z,GET /watson/assistants, 200, Ok
info : 2018-08-01T10:23:25.078Z,GET /apis/cities, 200, Ok
info : 2018-08-01T10:23:29.357Z,GET /apis/mappings, 200, Ok
info : 2018-08-01T10:23:40.363Z,GET /apis/graphs/d1111?date1=2018-07-28T00:00:00.000Z&date2=2018-08-31T18:29:59.999Z, 200, Ok
info : 2018-08-01T10:23:40.370Z,GET /apis/graphs/d2222?date1=2018-07-28T00:00:00.000Z&date2=2018-08-31T18:29:59.999Z, 200, Ok
info : 2018-08-01T10:24:37.064Z,GET /apis/graphs/d1111?date1=2018-08-17T00:00:00.000Z&date2=2018-08-31T18:29:59.999Z, 200, Ok
info : 2018-08-01T10:24:37.068Z,GET /apis/graphs/d2222?date1=2018-08-17T00:00:00.000Z&date2=2018-08-31T18:29:59.999Z, 200, Ok
info : 2018-08-01T10:26:14.536Z,GET /watson/assistants, 200, Ok
info : 2018-08-01T10:26:29.828Z,GET /watson/assistants, 200, Ok
info : 2018-08-01T10:26:30.426Z,GET /apis/cities, 200, Ok
info : 2018-08-01T10:26:56.962Z,GET /apis/cities, 200, Ok
info : 2018-08-01T10:26:59.603Z,GET /apis/mappings, 200, Ok
info : 2018-08-01T10:27:09.027Z,GET /apis/graphs/d1111?date1=2018-08-24T00:00:00.000Z&date2=2018-08-26T18:29:59.999Z, 200, Ok
info : 2018-08-01T10:27:09.044Z,GET /apis/graphs/d2222?date1=2018-08-24T00:00:00.000Z&date2=2018-08-26T18:29:59.999Z, 200, Ok
info : 2018-08-01T10:35:52.499Z,GET /watson/assistants, 200, Ok
info : 2018-08-01T10:35:53.141Z,GET /apis/cities, 200, Ok
info : 2018-08-01T10:36:11.172Z,GET /apis/cities, 200, Ok
info : 2018-08-01T10:36:41.740Z,GET /apis/mappings, 200, Ok
info : 2018-08-01T10:36:55.352Z,GET /apis/graphs/d1111?date1=2018-08-24T00:00:00.000Z&date2=2018-08-29T18:29:59.999Z, 200, Ok
info : 2018-08-01T10:36:55.358Z,GET /apis/graphs/d2222?date1=2018-08-24T00:00:00.000Z&date2=2018-08-29T18:29:59.999Z, 200, Ok
info : 2018-08-01T10:38:22.773Z,GET /watson/assistants, 200, Ok
info : 2018-08-01T10:38:23.367Z,GET /apis/cities, 200, Ok
info : 2018-08-01T10:38:26.093Z,GET /apis/mappings, 200, Ok
info : 2018-08-01T10:38:35.033Z,GET /apis/graphs/d1111?date1=2018-08-17T00:00:00.000Z&date2=2018-08-18T18:29:59.999Z, 200, Ok
info : 2018-08-01T10:38:35.039Z,GET /apis/graphs/d2222?date1=2018-08-17T00:00:00.000Z&date2=2018-08-18T18:29:59.999Z, 200, Ok
info : 2018-08-01T10:39:26.188Z,GET /watson/assistants, 200, Ok
info : 2018-08-01T10:39:26.781Z,GET /apis/cities, 200, Ok
info : 2018-08-01T10:39:42.923Z,GET /apis/mappings, 200, Ok
info : 2018-08-01T10:39:56.354Z,GET /apis/graphs/d1111?date1=2018-07-26T00:00:00.000Z&date2=2018-07-31T18:29:59.999Z, 200, Ok
info : 2018-08-01T10:39:56.357Z,GET /apis/graphs/d2222?date1=2018-07-26T00:00:00.000Z&date2=2018-07-31T18:29:59.999Z, 200, Ok
info : 2018-08-01T10:40:19.033Z,GET /apis/graphs/d1111?date1=2018-08-17T00:00:00.000Z&date2=2018-08-18T18:29:59.999Z, 200, Ok
info : 2018-08-01T10:40:19.036Z,GET /apis/graphs/d2222?date1=2018-08-17T00:00:00.000Z&date2=2018-08-18T18:29:59.999Z, 200, Ok
info : 2018-08-01T10:41:29.042Z,GET /watson/assistants, 200, Ok
info : 2018-08-01T10:41:29.634Z,GET /apis/cities, 200, Ok
info : 2018-08-01T10:41:45.360Z,GET /apis/cities, 200, Ok
info : 2018-08-01T10:41:47.057Z,GET /apis/mappings, 200, Ok
info : 2018-08-01T10:41:54.097Z,GET /apis/graphs/d1111?date1=2018-08-09T00:00:00.000Z&date2=2018-08-24T18:29:59.999Z, 200, Ok
info : 2018-08-01T10:41:54.103Z,GET /apis/graphs/d2222?date1=2018-08-09T00:00:00.000Z&date2=2018-08-24T18:29:59.999Z, 200, Ok
info : 2018-08-01T10:42:13.846Z,GET /watson/assistants, 200, Ok
info : 2018-08-01T10:42:14.454Z,GET /apis/cities, 200, Ok
info : 2018-08-01T10:42:17.646Z,GET /watson/assistants, 200, Ok
info : 2018-08-01T10:42:18.121Z,GET /apis/cities, 200, Ok
info : 2018-08-01T10:44:17.668Z,GET /watson/assistants, 200, Ok
info : 2018-08-01T10:55:18.932Z,GET /apis/devices, 200, Ok
info : 2018-08-01T10:55:38.017Z,GET /apis/devices, 200, Ok
info : 2018-08-01T11:59:24.089Z,GET /watson/assistants, 200, Ok
info : 2018-08-01T11:59:30.351Z,GET /apis/devices, 200, Ok
info : 2018-08-01T12:00:11.651Z,GET /apis/devices, 200, Ok
info : 2018-08-01T12:00:49.013Z,GET /watson/assistants, 200, Ok
info : 2018-08-01T12:00:49.613Z,GET /apis/devices, 200, Ok
info : 2018-08-01T12:05:45.533Z,GET /watson/assistants, 200, Ok
info : 2018-08-01T12:05:46.036Z,GET /apis/devices, 200, Ok
info : 2018-08-01T12:06:13.783Z,GET /apis/devices, 200, Ok
info : 2018-08-01T12:06:43.776Z,GET /watson/assistants, 200, Ok
info : 2018-08-01T12:06:44.354Z,GET /apis/devices, 200, Ok
info : 2018-08-01T12:08:31.102Z,GET /watson/assistants, 200, Ok
info : 2018-08-01T12:08:31.722Z,GET /apis/devices, 200, Ok
info : 2018-08-01T12:09:28.473Z,GET /watson/assistants, 200, Ok
info : 2018-08-01T12:09:29.051Z,GET /apis/devices, 200, Ok
info : 2018-08-01T12:10:12.078Z,GET /watson/assistants, 200, Ok
info : 2018-08-01T12:10:12.610Z,GET /apis/devices, 200, Ok
info : 2018-08-01T12:10:21.732Z,GET /watson/assistants, 200, Ok
info : 2018-08-01T12:10:22.281Z,GET /apis/devices, 200, Ok
info : 2018-08-01T12:10:55.642Z,GET /watson/assistants, 200, Ok
info : 2018-08-01T12:10:56.187Z,GET /apis/devices, 200, Ok
info : 2018-08-01T12:11:31.714Z,GET /watson/assistants, 200, Ok
info : 2018-08-01T12:11:32.253Z,GET /apis/devices, 200, Ok
info : 2018-08-01T12:11:50.986Z,GET /apis/devices, 200, Ok
info : 2018-08-01T12:12:14.965Z,GET /watson/assistants, 200, Ok
info : 2018-08-01T12:12:15.575Z,GET /apis/devices, 200, Ok
info : 2018-08-01T12:12:50.907Z,GET /watson/assistants, 200, Ok
info : 2018-08-01T12:12:51.447Z,GET /apis/devices, 200, Ok
info : 2018-08-01T12:13:36.703Z,GET /watson/assistants, 200, Ok
info : 2018-08-01T12:13:37.238Z,GET /apis/devices, 200, Ok
info : 2018-08-01T12:14:05.949Z,GET /watson/assistants, 200, Ok
info : 2018-08-01T12:14:06.453Z,GET /apis/devices, 200, Ok
info : 2018-08-01T12:14:58.808Z,GET /watson/assistants, 200, Ok
info : 2018-08-01T12:14:59.349Z,GET /apis/devices, 200, Ok
info : 2018-08-01T12:16:01.270Z,GET /watson/assistants, 200, Ok
info : 2018-08-01T12:16:01.852Z,GET /apis/devices, 200, Ok
info : 2018-08-01T12:16:16.986Z,GET /watson/assistants, 200, Ok
info : 2018-08-01T12:16:17.536Z,GET /apis/devices, 200, Ok
info : 2018-08-01T12:16:31.589Z,GET /watson/assistants, 200, Ok
info : 2018-08-01T12:16:32.177Z,GET /apis/devices, 200, Ok
info : 2018-08-01T12:16:56.209Z,GET /watson/assistants, 200, Ok
info : 2018-08-01T12:16:56.744Z,GET /apis/devices, 200, Ok
info : 2018-08-01T12:17:14.031Z,GET /apis/devices, 200, Ok
info : 2018-08-01T12:18:34.787Z,GET /watson/assistants, 200, Ok
info : 2018-08-01T12:18:35.290Z,GET /apis/devices, 200, Ok
info : 2018-08-01T12:19:01.144Z,GET /watson/assistants, 200, Ok
info : 2018-08-01T12:19:01.692Z,GET /apis/devices, 200, Ok
info : 2018-08-01T12:19:24.404Z,GET /watson/assistants, 200, Ok
info : 2018-08-01T12:19:24.968Z,GET /apis/devices, 200, Ok
info : 2018-08-01T12:19:53.363Z,GET /watson/assistants, 200, Ok
info : 2018-08-01T12:19:53.905Z,GET /apis/devices, 200, Ok
info : 2018-08-01T12:32:53.532Z,GET /watson/assistants, 200, Ok
info : 2018-08-01T12:32:53.598Z,GET /apis/devices, 200, Ok
info : 2018-08-01T12:33:08.108Z,GET /apis/devices, 200, Ok
info : 2018-08-01T12:33:14.941Z,GET /apis/auth-tokens/d1111, 200, Ok
info : 2018-08-01T12:37:19.640Z,GET /watson/assistants, 200, Ok
info : 2018-08-01T12:37:20.210Z,GET /apis/devices, 200, Ok
info : 2018-08-01T12:37:21.347Z,GET /apis/cities, 200, Ok
info : 2018-08-01T12:37:23.237Z,GET /apis/mappings, 200, Ok
info : 2018-08-01T12:37:37.374Z,GET /apis/graphs/d1111?date1=2018-08-18T00:00:00.000Z&date2=2018-08-23T18:29:59.999Z, 200, Ok
info : 2018-08-01T12:37:37.376Z,GET /apis/graphs/d2222?date1=2018-08-18T00:00:00.000Z&date2=2018-08-23T18:29:59.999Z, 200, Ok
info : 2018-08-01T12:39:18.838Z,GET /apis/graphs/d1111?date1=2018-08-18T00:00:00.000Z&date2=2018-08-23T18:29:59.999Z, 200, Ok
info : 2018-08-01T12:39:18.847Z,GET /apis/graphs/d2222?date1=2018-08-18T00:00:00.000Z&date2=2018-08-23T18:29:59.999Z, 200, Ok
info : 2018-08-01T12:39:47.370Z,GET /apis/graphs/d1111?date1=2018-07-28T00:00:00.000Z&date2=2018-08-01T18:29:59.999Z, 200, Ok
info : 2018-08-01T12:39:47.374Z,GET /apis/graphs/d2222?date1=2018-07-28T00:00:00.000Z&date2=2018-08-01T18:29:59.999Z, 200, Ok
info : 2018-08-01T12:41:14.651Z,GET /apis/graphs/d1111?date1=2018-07-28T00:00:00.000Z&date2=2018-08-01T18:29:59.999Z, 200, Ok
info : 2018-08-01T12:41:14.659Z,GET /apis/graphs/d2222?date1=2018-07-28T00:00:00.000Z&date2=2018-08-01T18:29:59.999Z, 200, Ok
info : 2018-08-01T12:42:58.835Z,GET /apis/graphs/d1111?date1=2018-07-28T00:00:00.000Z&date2=2018-08-01T18:29:59.999Z, 200, Ok
info : 2018-08-01T12:42:58.851Z,GET /apis/graphs/d2222?date1=2018-07-28T00:00:00.000Z&date2=2018-08-01T18:29:59.999Z, 200, Ok
info : 2018-08-01T12:45:41.439Z,GET /apis/devices, 200, Ok
info : 2018-08-01T12:45:43.767Z,GET /apis/auth-tokens/d1111, 200, Ok
info : 2018-08-01T12:52:49.827Z,GET /apis/cities, 200, Ok
info : 2018-08-01T12:52:51.748Z,GET /apis/mappings, 200, Ok
info : 2018-08-01T12:53:03.357Z,GET /apis/graphs/d1111?date1=2018-07-27T00:00:00.000Z&date2=2018-08-01T18:29:59.999Z, 200, Ok
info : 2018-08-01T12:53:03.375Z,GET /apis/graphs/d2222?date1=2018-07-27T00:00:00.000Z&date2=2018-08-01T18:29:59.999Z, 200, Ok
info : 2018-08-01T12:53:29.967Z,GET /apis/graphs/d1111?date1=2018-07-27T00:00:00.000Z&date2=2018-08-01T18:29:59.999Z, 200, Ok
info : 2018-08-01T12:53:29.969Z,GET /apis/graphs/d2222?date1=2018-07-27T00:00:00.000Z&date2=2018-08-01T18:29:59.999Z, 200, Ok
info : 2018-08-01T12:53:30.495Z,GET /apis/graphs/d1111?date1=2018-07-27T00:00:00.000Z&date2=2018-08-01T18:29:59.999Z, 200, Ok
info : 2018-08-01T12:53:30.497Z,GET /apis/graphs/d2222?date1=2018-07-27T00:00:00.000Z&date2=2018-08-01T18:29:59.999Z, 200, Ok
info : 2018-08-01T12:53:50.922Z,GET /apis/graphs/d1111?date1=2018-07-27T00:00:00.000Z&date2=2018-08-01T18:29:59.999Z, 200, Ok
info : 2018-08-01T12:53:50.931Z,GET /apis/graphs/d2222?date1=2018-07-27T00:00:00.000Z&date2=2018-08-01T18:29:59.999Z, 200, Ok
info : 2018-08-01T12:54:07.910Z,GET /apis/graphs/d1111?date1=2018-07-27T00:00:00.000Z&date2=2018-08-01T18:29:59.999Z, 200, Ok
info : 2018-08-01T12:54:07.915Z,GET /apis/graphs/d2222?date1=2018-07-27T00:00:00.000Z&date2=2018-08-01T18:29:59.999Z, 200, Ok
info : 2018-08-01T12:55:04.660Z,GET /apis/graphs/d1111?date1=2018-07-27T00:00:00.000Z&date2=2018-08-01T18:29:59.999Z, 200, Ok
info : 2018-08-01T12:55:04.669Z,GET /apis/graphs/d2222?date1=2018-07-27T00:00:00.000Z&date2=2018-08-01T18:29:59.999Z, 200, Ok
info : 2018-08-01T12:56:52.810Z,GET /apis/devices, 200, Ok
info : 2018-08-01T12:56:55.752Z,GET /apis/auth-tokens/d1111, 200, Ok
info : 2018-08-01T12:57:05.959Z,GET /apis/auth-tokens/d2222, 200, Ok
info : 2018-08-01T12:57:24.369Z,GET /apis/auth-tokens/d1111, 200, Ok
info : 2018-08-01T12:57:27.627Z,GET /apis/auth-tokens/d1111, 200, Ok
info : 2018-08-01T12:58:51.164Z,GET /apis/auth-tokens/d1111, 200, Ok
info : 2018-08-01T12:58:54.349Z,GET /apis/auth-tokens/d2222, 200, Ok
info : 2018-08-01T13:02:16.122Z,GET /watson/assistants, 200, Ok
info : 2018-08-01T13:02:16.670Z,GET /apis/devices, 200, Ok
info : 2018-08-01T13:02:23.121Z,POST /watson/assistants, 200, Ok
info : 2018-08-01T13:03:00.013Z,GET /watson/assistants, 200, Ok
info : 2018-08-01T13:03:00.597Z,GET /apis/devices, 200, Ok
info : 2018-08-01T13:03:08.075Z,POST /watson/assistants, 200, Ok
info : 2018-08-01T13:05:14.987Z,GET /watson/assistants, 200, Ok
info : 2018-08-01T13:05:15.475Z,GET /apis/devices, 200, Ok
info : 2018-08-01T13:06:05.470Z,GET /watson/assistants, 200, Ok
info : 2018-08-01T13:06:06.046Z,GET /apis/devices, 200, Ok
info : 2018-08-01T13:06:14.910Z,GET /apis/cities, 200, Ok
info : 2018-08-01T13:06:39.212Z,GET /watson/assistants, 200, Ok
info : 2018-08-01T13:06:39.827Z,GET /apis/cities, 200, Ok
info : 2018-08-01T13:08:13.274Z,GET /watson/assistants, 200, Ok
info : 2018-08-01T13:08:13.872Z,GET /apis/cities, 200, Ok
info : 2018-08-01T13:09:13.644Z,GET /watson/assistants, 200, Ok
info : 2018-08-01T13:09:13.666Z,GET /apis/cities, 200, Ok
info : 2018-08-01T13:09:34.839Z,GET /watson/assistants, 200, Ok
info : 2018-08-01T13:09:34.863Z,GET /apis/cities, 200, Ok
info : 2018-08-01T13:10:35.301Z,GET /watson/assistants, 200, Ok
info : 2018-08-01T13:10:35.344Z,GET /apis/cities, 200, Ok
info : 2018-08-01T13:11:09.351Z,GET /watson/assistants, 200, Ok
info : 2018-08-01T13:11:09.377Z,GET /apis/cities, 200, Ok
info : 2018-08-01T13:11:17.536Z,POST /watson/assistants, 200, Ok
info : 2018-08-01T13:13:10.711Z,GET /watson/assistants, 200, Ok
info : 2018-08-01T13:13:10.775Z,GET /apis/cities, 200, Ok
info : 2018-08-01T13:13:14.419Z,POST /watson/assistants, 200, Ok
info : 2018-08-01T13:13:43.210Z,GET /watson/assistants, 200, Ok
info : 2018-08-01T13:13:43.231Z,GET /apis/cities, 200, Ok
info : 2018-08-01T13:16:59.595Z,POST /watson/assistants, 200, Ok
info : 2018-08-01T13:17:01.321Z,POST /watson/assistants, 200, Ok
info : 2018-08-01T13:17:03.579Z,POST /watson/assistants, 200, Ok
info : 2018-08-01T13:17:05.126Z,POST /watson/assistants, 200, Ok
info : 2018-08-01T13:17:05.849Z,POST /watson/assistants, 200, Ok
info : 2018-08-01T13:17:18.383Z,POST /watson/assistants, 200, Ok
info : 2018-08-01T13:27:47.880Z,POST /watson/assistants, 200, Ok
info : 2018-08-01T13:27:53.222Z,POST /watson/assistants, 200, Ok
info : 2018-08-01T13:28:37.993Z,GET /watson/assistants, 200, Ok
info : 2018-08-01T13:28:38.024Z,GET /apis/cities, 200, Ok
info : 2018-08-01T13:28:42.556Z,POST /watson/assistants, 200, Ok
info : 2018-08-01T13:28:46.187Z,POST /watson/assistants, 200, Ok
info : 2018-08-01T13:29:55.715Z,GET /watson/assistants, 200, Ok
info : 2018-08-01T13:29:55.743Z,GET /apis/cities, 200, Ok
info : 2018-08-01T13:29:59.802Z,POST /watson/assistants, 200, Ok
info : 2018-08-01T13:30:04.965Z,POST /watson/assistants, 200, Ok
info : 2018-08-01T13:30:49.643Z,POST /watson/assistants, 200, Ok
info : 2018-08-01T13:31:28.757Z,POST /watson/assistants, 200, Ok
info : 2018-08-01T13:32:37.421Z,GET /watson/assistants, 200, Ok
info : 2018-08-01T13:32:37.448Z,GET /apis/cities, 200, Ok
info : 2018-08-01T13:32:44.217Z,POST /watson/assistants, 200, Ok
info : 2018-08-01T13:32:49.055Z,POST /watson/assistants, 200, Ok
info : 2018-08-01T13:33:38.424Z,GET /watson/assistants, 200, Ok
info : 2018-08-01T13:33:38.462Z,GET /apis/cities, 200, Ok
info : 2018-08-01T13:33:46.468Z,POST /watson/assistants, 200, Ok
info : 2018-08-01T13:33:46.795Z,POST /watson/discovery, 200, Ok
info : 2018-08-01T13:39:17.817Z,GET /watson/assistants, 200, Ok
info : 2018-08-01T13:39:17.849Z,GET /apis/cities, 200, Ok
info : 2018-08-01T13:39:26.304Z,POST /watson/assistants, 200, Ok
info : 2018-08-01T13:39:36.485Z,POST /watson/assistants, 200, Ok
info : 2018-08-01T13:39:36.832Z,POST /watson/discovery, 200, Ok
info : 2018-08-01T13:40:29.028Z,GET /watson/assistants, 200, Ok
info : 2018-08-01T13:40:29.061Z,GET /apis/cities, 200, Ok
info : 2018-08-01T13:40:34.308Z,POST /watson/assistants, 200, Ok
info : 2018-08-01T13:40:37.950Z,POST /watson/discovery, 200, Ok
info : 2018-08-01T13:41:43.994Z,GET /watson/assistants, 200, Ok
info : 2018-08-01T13:41:44.028Z,GET /apis/cities, 200, Ok
info : 2018-08-01T13:42:01.952Z,GET /watson/assistants, 200, Ok
info : 2018-08-01T13:42:02.018Z,GET /apis/cities, 200, Ok
info : 2018-08-01T13:42:05.137Z,POST /watson/assistants, 200, Ok
info : 2018-08-01T13:42:07.246Z,POST /watson/assistants, 200, Ok
info : 2018-08-01T13:42:10.615Z,POST /watson/discovery, 200, Ok
info : 2018-08-01T13:43:34.667Z,GET /watson/assistants, 200, Ok
info : 2018-08-01T13:43:34.687Z,GET /apis/cities, 200, Ok
info : 2018-08-01T13:43:40.447Z,POST /watson/assistants, 200, Ok
info : 2018-08-01T13:43:43.600Z,POST /watson/assistants, 200, Ok
info : 2018-08-01T13:43:43.936Z,POST /watson/discovery, 200, Ok
info : 2018-08-01T13:44:32.761Z,GET /watson/assistants, 200, Ok
info : 2018-08-01T13:44:32.791Z,GET /apis/cities, 200, Ok
info : 2018-08-01T13:44:36.030Z,POST /watson/assistants, 200, Ok
info : 2018-08-01T13:44:37.575Z,POST /watson/assistants, 200, Ok
info : 2018-08-01T13:44:37.940Z,POST /watson/discovery, 200, Ok
info : 2018-08-01T13:45:37.858Z,GET /watson/assistants, 200, Ok
info : 2018-08-01T13:45:37.889Z,GET /apis/cities, 200, Ok
info : 2018-08-01T13:45:40.712Z,POST /watson/assistants, 200, Ok
info : 2018-08-01T13:45:42.407Z,POST /watson/assistants, 200, Ok
info : 2018-08-01T13:45:42.800Z,POST /watson/discovery, 200, Ok
info : 2018-08-01T13:49:30.416Z,GET /watson/assistants, 200, Ok
info : 2018-08-01T13:49:30.426Z,GET /apis/cities, 200, Ok
info : 2018-08-01T13:50:01.142Z,GET /watson/assistants, 200, Ok
info : 2018-08-01T13:50:01.170Z,GET /apis/cities, 200, Ok
info : 2018-08-01T13:50:04.475Z,GET /watson/assistants, 200, Ok
info : 2018-08-01T13:50:04.982Z,GET /apis/cities, 200, Ok
info : 2018-08-01T13:50:09.018Z,POST /watson/assistants, 200, Ok
info : 2018-08-01T13:50:11.620Z,POST /watson/assistants, 200, Ok
info : 2018-08-01T13:50:12.123Z,POST /watson/discovery, 200, Ok
info : 2018-08-01T13:51:00.181Z,GET /watson/assistants, 200, Ok
info : 2018-08-01T13:51:00.194Z,GET /apis/cities, 200, Ok
info : 2018-08-01T13:51:14.857Z,GET /watson/assistants, 200, Ok
info : 2018-08-01T13:51:14.896Z,GET /apis/cities, 200, Ok
info : 2018-08-01T13:51:17.991Z,POST /watson/assistants, 200, Ok
info : 2018-08-01T13:51:20.147Z,POST /watson/assistants, 200, Ok
info : 2018-08-01T13:51:20.533Z,POST /watson/discovery, 200, Ok
info : 2018-08-01T13:51:25.630Z,POST /watson/assistants, 200, Ok
info : 2018-08-01T13:51:26.001Z,POST /watson/discovery, 200, Ok
info : 2018-08-01T14:11:24.551Z,POST /apis/devices, 200, Ok
